{"/home/manuel/Development/react-node-fullstack-app/blog-server/src/index.js": {"path":"/home/manuel/Development/react-node-fullstack-app/blog-server/src/index.js","statementMap":{"0":{"start":{"line":1,"column":12},"end":{"line":1,"column":31}},"1":{"start":{"line":2,"column":11},"end":{"line":2,"column":40}},"2":{"start":{"line":3,"column":12},"end":{"line":3,"column":35}},"3":{"start":{"line":4,"column":15},"end":{"line":4,"column":32}},"4":{"start":{"line":6,"column":13},"end":{"line":6,"column":37}},"5":{"start":{"line":8,"column":0},"end":{"line":27,"column":2}},"6":{"start":{"line":9,"column":2},"end":{"line":9,"column":36}},"7":{"start":{"line":11,"column":2},"end":{"line":26,"column":4}},"8":{"start":{"line":12,"column":4},"end":{"line":25,"column":6}},"9":{"start":{"line":18,"column":6},"end":{"line":24,"column":7}},"10":{"start":{"line":19,"column":8},"end":{"line":19,"column":50}},"11":{"start":{"line":20,"column":20},"end":{"line":22,"column":10}},"12":{"start":{"line":23,"column":8},"end":{"line":23,"column":48}},"13":{"start":{"line":29,"column":0},"end":{"line":31,"column":3}},"14":{"start":{"line":30,"column":2},"end":{"line":30,"column":53}}},"fnMap":{"0":{"name":"(anonymous_0)","decl":{"start":{"line":8,"column":40},"end":{"line":8,"column":41}},"loc":{"start":{"line":8,"column":46},"end":{"line":27,"column":1}},"line":8},"1":{"name":"(anonymous_1)","decl":{"start":{"line":11,"column":32},"end":{"line":11,"column":33}},"loc":{"start":{"line":11,"column":44},"end":{"line":26,"column":3}},"line":11},"2":{"name":"(anonymous_2)","decl":{"start":{"line":17,"column":12},"end":{"line":17,"column":13}},"loc":{"start":{"line":17,"column":25},"end":{"line":25,"column":5}},"line":17},"3":{"name":"(anonymous_3)","decl":{"start":{"line":29,"column":17},"end":{"line":29,"column":18}},"loc":{"start":{"line":29,"column":23},"end":{"line":31,"column":1}},"line":29}},"branchMap":{"0":{"loc":{"start":{"line":6,"column":13},"end":{"line":6,"column":37}},"type":"binary-expr","locations":[{"start":{"line":6,"column":13},"end":{"line":6,"column":29}},{"start":{"line":6,"column":33},"end":{"line":6,"column":37}}],"line":6},"1":{"loc":{"start":{"line":18,"column":6},"end":{"line":24,"column":7}},"type":"if","locations":[{"start":{"line":18,"column":6},"end":{"line":24,"column":7}},{"start":{},"end":{}}],"line":18}},"s":{"0":0,"1":0,"2":0,"3":0,"4":0,"5":0,"6":0,"7":0,"8":0,"9":0,"10":0,"11":0,"12":0,"13":0,"14":0},"f":{"0":0,"1":0,"2":0,"3":0},"b":{"0":[0,0],"1":[0,0]}}
,"/home/manuel/Development/react-node-fullstack-app/blog-server/src/server.js": {"path":"/home/manuel/Development/react-node-fullstack-app/blog-server/src/server.js","statementMap":{"0":{"start":{"line":1,"column":16},"end":{"line":1,"column":34}},"1":{"start":{"line":2,"column":19},"end":{"line":2,"column":41}},"2":{"start":{"line":3,"column":21},"end":{"line":3,"column":45}},"3":{"start":{"line":5,"column":0},"end":{"line":5,"column":26}},"4":{"start":{"line":7,"column":23},"end":{"line":7,"column":62}},"5":{"start":{"line":8,"column":23},"end":{"line":8,"column":62}},"6":{"start":{"line":9,"column":25},"end":{"line":9,"column":66}},"7":{"start":{"line":11,"column":17},"end":{"line":11,"column":50}},"8":{"start":{"line":12,"column":16},"end":{"line":12,"column":48}},"9":{"start":{"line":14,"column":12},"end":{"line":14,"column":31}},"10":{"start":{"line":16,"column":12},"end":{"line":16,"column":21}},"11":{"start":{"line":18,"column":0},"end":{"line":18,"column":27}},"12":{"start":{"line":19,"column":0},"end":{"line":19,"column":23}},"13":{"start":{"line":21,"column":0},"end":{"line":21,"column":21}},"14":{"start":{"line":24,"column":0},"end":{"line":24,"column":20}}},"fnMap":{},"branchMap":{},"s":{"0":1,"1":1,"2":1,"3":1,"4":1,"5":1,"6":1,"7":1,"8":1,"9":1,"10":1,"11":1,"12":1,"13":1,"14":1},"f":{},"b":{},"_coverageSchema":"1a1c01bbd47fc00a2c39e90264f33305004495a9","hash":"5163186437df553be6c04598045202e32e3c028c"}
,"/home/manuel/Development/react-node-fullstack-app/blog-server/src/config/db.config.js": {"path":"/home/manuel/Development/react-node-fullstack-app/blog-server/src/config/db.config.js","statementMap":{"0":{"start":{"line":1,"column":33},"end":{"line":1,"column":53}},"1":{"start":{"line":3,"column":17},"end":{"line":3,"column":33}},"2":{"start":{"line":4,"column":17},"end":{"line":4,"column":27}},"3":{"start":{"line":5,"column":17},"end":{"line":5,"column":37}},"4":{"start":{"line":6,"column":17},"end":{"line":6,"column":31}},"5":{"start":{"line":7,"column":16},"end":{"line":7,"column":35}},"6":{"start":{"line":9,"column":18},"end":{"line":19,"column":2}},"7":{"start":{"line":21,"column":0},"end":{"line":25,"column":2}},"8":{"start":{"line":22,"column":2},"end":{"line":22,"column":47}},"9":{"start":{"line":24,"column":2},"end":{"line":24,"column":18}},"10":{"start":{"line":27,"column":11},"end":{"line":27,"column":13}},"11":{"start":{"line":28,"column":0},"end":{"line":28,"column":25}},"12":{"start":{"line":29,"column":0},"end":{"line":29,"column":25}},"13":{"start":{"line":31,"column":0},"end":{"line":31,"column":64}},"14":{"start":{"line":32,"column":0},"end":{"line":32,"column":64}},"15":{"start":{"line":33,"column":0},"end":{"line":33,"column":68}},"16":{"start":{"line":34,"column":0},"end":{"line":34,"column":68}},"17":{"start":{"line":35,"column":0},"end":{"line":35,"column":82}},"18":{"start":{"line":37,"column":0},"end":{"line":37,"column":26}},"19":{"start":{"line":38,"column":0},"end":{"line":38,"column":28}},"20":{"start":{"line":39,"column":0},"end":{"line":39,"column":28}},"21":{"start":{"line":40,"column":0},"end":{"line":40,"column":28}},"22":{"start":{"line":41,"column":0},"end":{"line":41,"column":28}},"23":{"start":{"line":42,"column":0},"end":{"line":42,"column":35}},"24":{"start":{"line":43,"column":0},"end":{"line":43,"column":35}},"25":{"start":{"line":45,"column":0},"end":{"line":45,"column":19}}},"fnMap":{"0":{"name":"(anonymous_0)","decl":{"start":{"line":21,"column":30},"end":{"line":21,"column":31}},"loc":{"start":{"line":21,"column":36},"end":{"line":23,"column":1}},"line":21},"1":{"name":"(anonymous_1)","decl":{"start":{"line":23,"column":9},"end":{"line":23,"column":10}},"loc":{"start":{"line":23,"column":18},"end":{"line":25,"column":1}},"line":23}},"branchMap":{},"s":{"0":1,"1":1,"2":1,"3":1,"4":1,"5":1,"6":1,"7":1,"8":1,"9":0,"10":1,"11":1,"12":1,"13":1,"14":1,"15":1,"16":1,"17":1,"18":1,"19":1,"20":1,"21":1,"22":1,"23":1,"24":1,"25":1},"f":{"0":1,"1":0},"b":{},"_coverageSchema":"1a1c01bbd47fc00a2c39e90264f33305004495a9","hash":"bce564850706ace6a0e43b88edd45ae7df5f4e78"}
,"/home/manuel/Development/react-node-fullstack-app/blog-server/src/controller/logger.controller.js": {"path":"/home/manuel/Development/react-node-fullstack-app/blog-server/src/controller/logger.controller.js","statementMap":{"0":{"start":{"line":1,"column":15},"end":{"line":1,"column":46}},"1":{"start":{"line":2,"column":11},"end":{"line":2,"column":41}},"2":{"start":{"line":8,"column":4},"end":{"line":8,"column":36}},"3":{"start":{"line":12,"column":4},"end":{"line":12,"column":48}},"4":{"start":{"line":13,"column":4},"end":{"line":24,"column":7}},"5":{"start":{"line":17,"column":6},"end":{"line":17,"column":36}},"6":{"start":{"line":20,"column":6},"end":{"line":23,"column":10}},"7":{"start":{"line":28,"column":4},"end":{"line":28,"column":57}},"8":{"start":{"line":29,"column":4},"end":{"line":42,"column":7}},"9":{"start":{"line":35,"column":6},"end":{"line":35,"column":36}},"10":{"start":{"line":38,"column":6},"end":{"line":41,"column":10}},"11":{"start":{"line":46,"column":4},"end":{"line":46,"column":57}},"12":{"start":{"line":47,"column":4},"end":{"line":60,"column":7}},"13":{"start":{"line":53,"column":6},"end":{"line":53,"column":36}},"14":{"start":{"line":56,"column":6},"end":{"line":59,"column":10}},"15":{"start":{"line":64,"column":4},"end":{"line":64,"column":57}},"16":{"start":{"line":65,"column":4},"end":{"line":79,"column":7}},"17":{"start":{"line":72,"column":6},"end":{"line":72,"column":36}},"18":{"start":{"line":75,"column":6},"end":{"line":78,"column":10}},"19":{"start":{"line":83,"column":0},"end":{"line":83,"column":44}}},"fnMap":{"0":{"name":"(anonymous_0)","decl":{"start":{"line":7,"column":2},"end":{"line":7,"column":3}},"loc":{"start":{"line":7,"column":16},"end":{"line":9,"column":3}},"line":7},"1":{"name":"(anonymous_1)","decl":{"start":{"line":11,"column":2},"end":{"line":11,"column":3}},"loc":{"start":{"line":11,"column":30},"end":{"line":25,"column":3}},"line":11},"2":{"name":"(anonymous_2)","decl":{"start":{"line":16,"column":10},"end":{"line":16,"column":11}},"loc":{"start":{"line":16,"column":21},"end":{"line":18,"column":5}},"line":16},"3":{"name":"(anonymous_3)","decl":{"start":{"line":19,"column":10},"end":{"line":19,"column":11}},"loc":{"start":{"line":19,"column":17},"end":{"line":24,"column":5}},"line":19},"4":{"name":"(anonymous_4)","decl":{"start":{"line":27,"column":1},"end":{"line":27,"column":2}},"loc":{"start":{"line":27,"column":38},"end":{"line":43,"column":3}},"line":27},"5":{"name":"(anonymous_5)","decl":{"start":{"line":34,"column":10},"end":{"line":34,"column":11}},"loc":{"start":{"line":34,"column":21},"end":{"line":36,"column":5}},"line":34},"6":{"name":"(anonymous_6)","decl":{"start":{"line":37,"column":10},"end":{"line":37,"column":11}},"loc":{"start":{"line":37,"column":17},"end":{"line":42,"column":5}},"line":37},"7":{"name":"(anonymous_7)","decl":{"start":{"line":45,"column":1},"end":{"line":45,"column":2}},"loc":{"start":{"line":45,"column":38},"end":{"line":61,"column":3}},"line":45},"8":{"name":"(anonymous_8)","decl":{"start":{"line":52,"column":10},"end":{"line":52,"column":11}},"loc":{"start":{"line":52,"column":21},"end":{"line":54,"column":5}},"line":52},"9":{"name":"(anonymous_9)","decl":{"start":{"line":55,"column":10},"end":{"line":55,"column":11}},"loc":{"start":{"line":55,"column":17},"end":{"line":60,"column":5}},"line":55},"10":{"name":"(anonymous_10)","decl":{"start":{"line":63,"column":1},"end":{"line":63,"column":2}},"loc":{"start":{"line":63,"column":47},"end":{"line":80,"column":3}},"line":63},"11":{"name":"(anonymous_11)","decl":{"start":{"line":71,"column":10},"end":{"line":71,"column":11}},"loc":{"start":{"line":71,"column":21},"end":{"line":73,"column":5}},"line":71},"12":{"name":"(anonymous_12)","decl":{"start":{"line":74,"column":10},"end":{"line":74,"column":11}},"loc":{"start":{"line":74,"column":17},"end":{"line":79,"column":5}},"line":74}},"branchMap":{"0":{"loc":{"start":{"line":22,"column":12},"end":{"line":22,"column":77}},"type":"binary-expr","locations":[{"start":{"line":22,"column":12},"end":{"line":22,"column":23}},{"start":{"line":22,"column":27},"end":{"line":22,"column":77}}],"line":22},"1":{"loc":{"start":{"line":40,"column":12},"end":{"line":40,"column":77}},"type":"binary-expr","locations":[{"start":{"line":40,"column":12},"end":{"line":40,"column":23}},{"start":{"line":40,"column":27},"end":{"line":40,"column":77}}],"line":40},"2":{"loc":{"start":{"line":58,"column":12},"end":{"line":58,"column":77}},"type":"binary-expr","locations":[{"start":{"line":58,"column":12},"end":{"line":58,"column":23}},{"start":{"line":58,"column":27},"end":{"line":58,"column":77}}],"line":58},"3":{"loc":{"start":{"line":77,"column":12},"end":{"line":77,"column":77}},"type":"binary-expr","locations":[{"start":{"line":77,"column":12},"end":{"line":77,"column":23}},{"start":{"line":77,"column":27},"end":{"line":77,"column":77}}],"line":77}},"s":{"0":1,"1":1,"2":1,"3":1,"4":1,"5":1,"6":0,"7":1,"8":1,"9":1,"10":0,"11":2,"12":2,"13":2,"14":0,"15":0,"16":0,"17":0,"18":0,"19":1},"f":{"0":1,"1":1,"2":1,"3":0,"4":1,"5":1,"6":0,"7":2,"8":2,"9":0,"10":0,"11":0,"12":0},"b":{"0":[0,0],"1":[0,0],"2":[0,0],"3":[0,0]},"_coverageSchema":"1a1c01bbd47fc00a2c39e90264f33305004495a9","hash":"4090f819da09ddb127ef6a0f6e5b98909b7acc5d"}
,"/home/manuel/Development/react-node-fullstack-app/blog-server/src/controller/post.controller.js": {"path":"/home/manuel/Development/react-node-fullstack-app/blog-server/src/controller/post.controller.js","statementMap":{"0":{"start":{"line":1,"column":15},"end":{"line":1,"column":46}},"1":{"start":{"line":2,"column":11},"end":{"line":2,"column":41}},"2":{"start":{"line":3,"column":25},"end":{"line":3,"column":50}},"3":{"start":{"line":10,"column":4},"end":{"line":10,"column":28}},"4":{"start":{"line":11,"column":4},"end":{"line":11,"column":45}},"5":{"start":{"line":15,"column":4},"end":{"line":15,"column":42}},"6":{"start":{"line":16,"column":4},"end":{"line":27,"column":7}},"7":{"start":{"line":20,"column":6},"end":{"line":20,"column":34}},"8":{"start":{"line":23,"column":6},"end":{"line":26,"column":10}},"9":{"start":{"line":31,"column":4},"end":{"line":31,"column":43}},"10":{"start":{"line":32,"column":4},"end":{"line":36,"column":7}},"11":{"start":{"line":33,"column":19},"end":{"line":33,"column":45}},"12":{"start":{"line":35,"column":6},"end":{"line":35,"column":28}},"13":{"start":{"line":40,"column":4},"end":{"line":40,"column":43}},"14":{"start":{"line":41,"column":4},"end":{"line":41,"column":41}},"15":{"start":{"line":45,"column":4},"end":{"line":45,"column":41}},"16":{"start":{"line":46,"column":4},"end":{"line":46,"column":49}},"17":{"start":{"line":47,"column":19},"end":{"line":47,"column":29}},"18":{"start":{"line":49,"column":4},"end":{"line":58,"column":7}},"19":{"start":{"line":50,"column":24},"end":{"line":50,"column":28}},"20":{"start":{"line":51,"column":22},"end":{"line":51,"column":45}},"21":{"start":{"line":52,"column":6},"end":{"line":54,"column":8}},"22":{"start":{"line":53,"column":8},"end":{"line":53,"column":34}},"23":{"start":{"line":57,"column":6},"end":{"line":57,"column":28}},"24":{"start":{"line":62,"column":4},"end":{"line":62,"column":42}},"25":{"start":{"line":63,"column":4},"end":{"line":63,"column":49}},"26":{"start":{"line":64,"column":4},"end":{"line":78,"column":7}},"27":{"start":{"line":70,"column":24},"end":{"line":70,"column":28}},"28":{"start":{"line":71,"column":22},"end":{"line":71,"column":50}},"29":{"start":{"line":72,"column":6},"end":{"line":74,"column":8}},"30":{"start":{"line":73,"column":8},"end":{"line":73,"column":34}},"31":{"start":{"line":77,"column":6},"end":{"line":77,"column":28}},"32":{"start":{"line":82,"column":4},"end":{"line":82,"column":41}},"33":{"start":{"line":83,"column":4},"end":{"line":97,"column":7}},"34":{"start":{"line":89,"column":24},"end":{"line":89,"column":28}},"35":{"start":{"line":90,"column":22},"end":{"line":90,"column":85}},"36":{"start":{"line":91,"column":6},"end":{"line":93,"column":8}},"37":{"start":{"line":92,"column":8},"end":{"line":92,"column":30}},"38":{"start":{"line":96,"column":6},"end":{"line":96,"column":28}},"39":{"start":{"line":101,"column":4},"end":{"line":101,"column":41}},"40":{"start":{"line":102,"column":4},"end":{"line":119,"column":7}},"41":{"start":{"line":103,"column":24},"end":{"line":103,"column":48}},"42":{"start":{"line":104,"column":30},"end":{"line":104,"column":90}},"43":{"start":{"line":105,"column":33},"end":{"line":105,"column":55}},"44":{"start":{"line":107,"column":6},"end":{"line":118,"column":9}},"45":{"start":{"line":115,"column":20},"end":{"line":115,"column":46}},"46":{"start":{"line":117,"column":8},"end":{"line":117,"column":30}},"47":{"start":{"line":123,"column":4},"end":{"line":123,"column":43}},"48":{"start":{"line":125,"column":4},"end":{"line":133,"column":7}},"49":{"start":{"line":130,"column":27},"end":{"line":130,"column":62}},"50":{"start":{"line":132,"column":6},"end":{"line":132,"column":28}},"51":{"start":{"line":137,"column":4},"end":{"line":137,"column":43}},"52":{"start":{"line":139,"column":27},"end":{"line":143,"column":6}},"53":{"start":{"line":145,"column":21},"end":{"line":145,"column":22}},"54":{"start":{"line":146,"column":4},"end":{"line":148,"column":7}},"55":{"start":{"line":147,"column":6},"end":{"line":147,"column":60}},"56":{"start":{"line":149,"column":4},"end":{"line":149,"column":54}},"57":{"start":{"line":150,"column":4},"end":{"line":150,"column":43}},"58":{"start":{"line":152,"column":4},"end":{"line":152,"column":21}},"59":{"start":{"line":156,"column":0},"end":{"line":156,"column":38}}},"fnMap":{"0":{"name":"(anonymous_0)","decl":{"start":{"line":9,"column":2},"end":{"line":9,"column":3}},"loc":{"start":{"line":9,"column":16},"end":{"line":12,"column":3}},"line":9},"1":{"name":"(anonymous_1)","decl":{"start":{"line":14,"column":2},"end":{"line":14,"column":3}},"loc":{"start":{"line":14,"column":24},"end":{"line":28,"column":3}},"line":14},"2":{"name":"(anonymous_2)","decl":{"start":{"line":19,"column":10},"end":{"line":19,"column":11}},"loc":{"start":{"line":19,"column":19},"end":{"line":21,"column":5}},"line":19},"3":{"name":"(anonymous_3)","decl":{"start":{"line":22,"column":10},"end":{"line":22,"column":11}},"loc":{"start":{"line":22,"column":17},"end":{"line":27,"column":5}},"line":22},"4":{"name":"(anonymous_4)","decl":{"start":{"line":30,"column":2},"end":{"line":30,"column":3}},"loc":{"start":{"line":30,"column":25},"end":{"line":37,"column":3}},"line":30},"5":{"name":"(anonymous_5)","decl":{"start":{"line":33,"column":10},"end":{"line":33,"column":11}},"loc":{"start":{"line":33,"column":19},"end":{"line":33,"column":45}},"line":33},"6":{"name":"(anonymous_6)","decl":{"start":{"line":34,"column":11},"end":{"line":34,"column":12}},"loc":{"start":{"line":34,"column":18},"end":{"line":36,"column":5}},"line":34},"7":{"name":"(anonymous_7)","decl":{"start":{"line":39,"column":2},"end":{"line":39,"column":3}},"loc":{"start":{"line":39,"column":27},"end":{"line":42,"column":3}},"line":39},"8":{"name":"(anonymous_8)","decl":{"start":{"line":44,"column":2},"end":{"line":44,"column":3}},"loc":{"start":{"line":44,"column":23},"end":{"line":59,"column":3}},"line":44},"9":{"name":"(anonymous_9)","decl":{"start":{"line":49,"column":52},"end":{"line":49,"column":53}},"loc":{"start":{"line":49,"column":60},"end":{"line":55,"column":5}},"line":49},"10":{"name":"(anonymous_10)","decl":{"start":{"line":52,"column":71},"end":{"line":52,"column":72}},"loc":{"start":{"line":52,"column":77},"end":{"line":54,"column":7}},"line":52},"11":{"name":"(anonymous_11)","decl":{"start":{"line":56,"column":11},"end":{"line":56,"column":12}},"loc":{"start":{"line":56,"column":18},"end":{"line":58,"column":5}},"line":56},"12":{"name":"(anonymous_12)","decl":{"start":{"line":61,"column":2},"end":{"line":61,"column":3}},"loc":{"start":{"line":61,"column":23},"end":{"line":79,"column":3}},"line":61},"13":{"name":"(anonymous_13)","decl":{"start":{"line":69,"column":10},"end":{"line":69,"column":11}},"loc":{"start":{"line":69,"column":18},"end":{"line":75,"column":5}},"line":69},"14":{"name":"(anonymous_14)","decl":{"start":{"line":72,"column":83},"end":{"line":72,"column":84}},"loc":{"start":{"line":72,"column":89},"end":{"line":74,"column":7}},"line":72},"15":{"name":"(anonymous_15)","decl":{"start":{"line":76,"column":11},"end":{"line":76,"column":12}},"loc":{"start":{"line":76,"column":18},"end":{"line":78,"column":5}},"line":76},"16":{"name":"(anonymous_16)","decl":{"start":{"line":81,"column":2},"end":{"line":81,"column":3}},"loc":{"start":{"line":81,"column":23},"end":{"line":98,"column":3}},"line":81},"17":{"name":"(anonymous_17)","decl":{"start":{"line":88,"column":10},"end":{"line":88,"column":11}},"loc":{"start":{"line":88,"column":18},"end":{"line":94,"column":5}},"line":88},"18":{"name":"(anonymous_18)","decl":{"start":{"line":91,"column":83},"end":{"line":91,"column":84}},"loc":{"start":{"line":91,"column":89},"end":{"line":93,"column":7}},"line":91},"19":{"name":"(anonymous_19)","decl":{"start":{"line":95,"column":11},"end":{"line":95,"column":12}},"loc":{"start":{"line":95,"column":18},"end":{"line":97,"column":5}},"line":95},"20":{"name":"(anonymous_20)","decl":{"start":{"line":100,"column":2},"end":{"line":100,"column":3}},"loc":{"start":{"line":100,"column":23},"end":{"line":120,"column":3}},"line":100},"21":{"name":"(anonymous_21)","decl":{"start":{"line":102,"column":46},"end":{"line":102,"column":47}},"loc":{"start":{"line":102,"column":61},"end":{"line":119,"column":5}},"line":102},"22":{"name":"(anonymous_22)","decl":{"start":{"line":115,"column":12},"end":{"line":115,"column":13}},"loc":{"start":{"line":115,"column":20},"end":{"line":115,"column":46}},"line":115},"23":{"name":"(anonymous_23)","decl":{"start":{"line":116,"column":13},"end":{"line":116,"column":14}},"loc":{"start":{"line":116,"column":20},"end":{"line":118,"column":7}},"line":116},"24":{"name":"(anonymous_24)","decl":{"start":{"line":122,"column":2},"end":{"line":122,"column":3}},"loc":{"start":{"line":122,"column":25},"end":{"line":134,"column":3}},"line":122},"25":{"name":"(anonymous_25)","decl":{"start":{"line":130,"column":10},"end":{"line":130,"column":11}},"loc":{"start":{"line":130,"column":27},"end":{"line":130,"column":62}},"line":130},"26":{"name":"(anonymous_26)","decl":{"start":{"line":131,"column":11},"end":{"line":131,"column":12}},"loc":{"start":{"line":131,"column":18},"end":{"line":133,"column":5}},"line":131},"27":{"name":"(anonymous_27)","decl":{"start":{"line":136,"column":2},"end":{"line":136,"column":3}},"loc":{"start":{"line":136,"column":39},"end":{"line":153,"column":3}},"line":136},"28":{"name":"(anonymous_28)","decl":{"start":{"line":146,"column":27},"end":{"line":146,"column":28}},"loc":{"start":{"line":146,"column":44},"end":{"line":148,"column":5}},"line":146}},"branchMap":{"0":{"loc":{"start":{"line":25,"column":12},"end":{"line":25,"column":77}},"type":"binary-expr","locations":[{"start":{"line":25,"column":12},"end":{"line":25,"column":23}},{"start":{"line":25,"column":27},"end":{"line":25,"column":77}}],"line":25},"1":{"loc":{"start":{"line":90,"column":41},"end":{"line":90,"column":83}},"type":"cond-expr","locations":[{"start":{"line":90,"column":49},"end":{"line":90,"column":54}},{"start":{"line":90,"column":57},"end":{"line":90,"column":83}}],"line":90},"2":{"loc":{"start":{"line":104,"column":30},"end":{"line":104,"column":90}},"type":"cond-expr","locations":[{"start":{"line":104,"column":58},"end":{"line":104,"column":87}},{"start":{"line":104,"column":89},"end":{"line":104,"column":90}}],"line":104}},"s":{"0":1,"1":1,"2":1,"3":1,"4":1,"5":1,"6":1,"7":1,"8":0,"9":2,"10":2,"11":2,"12":0,"13":0,"14":0,"15":9,"16":9,"17":9,"18":9,"19":9,"20":9,"21":9,"22":9,"23":0,"24":1,"25":1,"26":1,"27":1,"28":1,"29":1,"30":1,"31":0,"32":1,"33":1,"34":1,"35":1,"36":1,"37":1,"38":0,"39":0,"40":0,"41":0,"42":0,"43":0,"44":0,"45":0,"46":0,"47":0,"48":0,"49":0,"50":0,"51":0,"52":0,"53":0,"54":0,"55":0,"56":0,"57":0,"58":0,"59":1},"f":{"0":1,"1":1,"2":1,"3":0,"4":2,"5":2,"6":0,"7":0,"8":9,"9":9,"10":9,"11":0,"12":1,"13":1,"14":1,"15":0,"16":1,"17":1,"18":1,"19":0,"20":0,"21":0,"22":0,"23":0,"24":0,"25":0,"26":0,"27":0,"28":0},"b":{"0":[0,0],"1":[0,1],"2":[0,0]},"_coverageSchema":"1a1c01bbd47fc00a2c39e90264f33305004495a9","hash":"2417410d9569bd51c057fbe96ebdf53dbc212c0f"}
,"/home/manuel/Development/react-node-fullstack-app/blog-server/src/controller/review.controller.js": {"path":"/home/manuel/Development/react-node-fullstack-app/blog-server/src/controller/review.controller.js","statementMap":{"0":{"start":{"line":1,"column":15},"end":{"line":1,"column":46}},"1":{"start":{"line":2,"column":11},"end":{"line":2,"column":41}},"2":{"start":{"line":3,"column":25},"end":{"line":3,"column":50}},"3":{"start":{"line":9,"column":4},"end":{"line":9,"column":32}},"4":{"start":{"line":13,"column":4},"end":{"line":13,"column":44}},"5":{"start":{"line":14,"column":4},"end":{"line":25,"column":7}},"6":{"start":{"line":18,"column":6},"end":{"line":18,"column":36}},"7":{"start":{"line":21,"column":6},"end":{"line":24,"column":10}},"8":{"start":{"line":29,"column":4},"end":{"line":29,"column":45}},"9":{"start":{"line":30,"column":4},"end":{"line":34,"column":7}},"10":{"start":{"line":31,"column":21},"end":{"line":31,"column":49}},"11":{"start":{"line":33,"column":6},"end":{"line":33,"column":28}},"12":{"start":{"line":38,"column":4},"end":{"line":38,"column":45}},"13":{"start":{"line":39,"column":4},"end":{"line":39,"column":45}},"14":{"start":{"line":43,"column":4},"end":{"line":43,"column":43}},"15":{"start":{"line":44,"column":4},"end":{"line":44,"column":49}},"16":{"start":{"line":45,"column":4},"end":{"line":48,"column":7}},"17":{"start":{"line":45,"column":103},"end":{"line":45,"column":131}},"18":{"start":{"line":47,"column":6},"end":{"line":47,"column":28}},"19":{"start":{"line":52,"column":0},"end":{"line":52,"column":40}}},"fnMap":{"0":{"name":"(anonymous_0)","decl":{"start":{"line":8,"column":2},"end":{"line":8,"column":3}},"loc":{"start":{"line":8,"column":16},"end":{"line":10,"column":3}},"line":8},"1":{"name":"(anonymous_1)","decl":{"start":{"line":12,"column":2},"end":{"line":12,"column":3}},"loc":{"start":{"line":12,"column":26},"end":{"line":26,"column":3}},"line":12},"2":{"name":"(anonymous_2)","decl":{"start":{"line":17,"column":10},"end":{"line":17,"column":11}},"loc":{"start":{"line":17,"column":21},"end":{"line":19,"column":5}},"line":17},"3":{"name":"(anonymous_3)","decl":{"start":{"line":20,"column":10},"end":{"line":20,"column":11}},"loc":{"start":{"line":20,"column":17},"end":{"line":25,"column":5}},"line":20},"4":{"name":"(anonymous_4)","decl":{"start":{"line":28,"column":2},"end":{"line":28,"column":3}},"loc":{"start":{"line":28,"column":27},"end":{"line":35,"column":3}},"line":28},"5":{"name":"(anonymous_5)","decl":{"start":{"line":31,"column":10},"end":{"line":31,"column":11}},"loc":{"start":{"line":31,"column":21},"end":{"line":31,"column":49}},"line":31},"6":{"name":"(anonymous_6)","decl":{"start":{"line":32,"column":11},"end":{"line":32,"column":12}},"loc":{"start":{"line":32,"column":18},"end":{"line":34,"column":5}},"line":32},"7":{"name":"(anonymous_7)","decl":{"start":{"line":37,"column":2},"end":{"line":37,"column":3}},"loc":{"start":{"line":37,"column":31},"end":{"line":40,"column":3}},"line":37},"8":{"name":"(anonymous_8)","decl":{"start":{"line":42,"column":2},"end":{"line":42,"column":3}},"loc":{"start":{"line":42,"column":25},"end":{"line":49,"column":3}},"line":42},"9":{"name":"(anonymous_9)","decl":{"start":{"line":45,"column":93},"end":{"line":45,"column":94}},"loc":{"start":{"line":45,"column":103},"end":{"line":45,"column":131}},"line":45},"10":{"name":"(anonymous_10)","decl":{"start":{"line":46,"column":11},"end":{"line":46,"column":12}},"loc":{"start":{"line":46,"column":18},"end":{"line":48,"column":5}},"line":46}},"branchMap":{"0":{"loc":{"start":{"line":23,"column":12},"end":{"line":23,"column":77}},"type":"binary-expr","locations":[{"start":{"line":23,"column":12},"end":{"line":23,"column":23}},{"start":{"line":23,"column":27},"end":{"line":23,"column":77}}],"line":23}},"s":{"0":1,"1":1,"2":1,"3":1,"4":1,"5":1,"6":1,"7":0,"8":1,"9":1,"10":1,"11":0,"12":0,"13":0,"14":2,"15":2,"16":2,"17":2,"18":0,"19":1},"f":{"0":1,"1":1,"2":1,"3":0,"4":1,"5":1,"6":0,"7":0,"8":2,"9":2,"10":0},"b":{"0":[0,0]},"_coverageSchema":"1a1c01bbd47fc00a2c39e90264f33305004495a9","hash":"fafb4160eb3cfd81233aadbff1bece106cc742eb"}
,"/home/manuel/Development/react-node-fullstack-app/blog-server/src/controller/user.controller.js": {"path":"/home/manuel/Development/react-node-fullstack-app/blog-server/src/controller/user.controller.js","statementMap":{"0":{"start":{"line":1,"column":15},"end":{"line":1,"column":46}},"1":{"start":{"line":2,"column":15},"end":{"line":2,"column":32}},"2":{"start":{"line":3,"column":11},"end":{"line":3,"column":41}},"3":{"start":{"line":4,"column":12},"end":{"line":4,"column":35}},"4":{"start":{"line":5,"column":25},"end":{"line":5,"column":50}},"5":{"start":{"line":11,"column":4},"end":{"line":11,"column":27}},"6":{"start":{"line":15,"column":4},"end":{"line":15,"column":37}},"7":{"start":{"line":16,"column":4},"end":{"line":42,"column":5}},"8":{"start":{"line":17,"column":44},"end":{"line":17,"column":52}},"9":{"start":{"line":18,"column":19},"end":{"line":22,"column":7}},"10":{"start":{"line":24,"column":19},"end":{"line":26,"column":8}},"11":{"start":{"line":25,"column":8},"end":{"line":25,"column":55}},"12":{"start":{"line":28,"column":6},"end":{"line":39,"column":7}},"13":{"start":{"line":29,"column":20},"end":{"line":31,"column":10}},"14":{"start":{"line":33,"column":8},"end":{"line":33,"column":79}},"15":{"start":{"line":34,"column":8},"end":{"line":34,"column":27}},"16":{"start":{"line":36,"column":8},"end":{"line":36,"column":20}},"17":{"start":{"line":38,"column":8},"end":{"line":38,"column":56}},"18":{"start":{"line":41,"column":6},"end":{"line":41,"column":25}},"19":{"start":{"line":46,"column":4},"end":{"line":46,"column":36}},"20":{"start":{"line":47,"column":4},"end":{"line":76,"column":5}},"21":{"start":{"line":48,"column":34},"end":{"line":48,"column":42}},"22":{"start":{"line":49,"column":19},"end":{"line":53,"column":8}},"23":{"start":{"line":55,"column":6},"end":{"line":73,"column":7}},"24":{"start":{"line":56,"column":23},"end":{"line":56,"column":68}},"25":{"start":{"line":59,"column":8},"end":{"line":70,"column":9}},"26":{"start":{"line":60,"column":22},"end":{"line":62,"column":12}},"27":{"start":{"line":64,"column":10},"end":{"line":64,"column":81}},"28":{"start":{"line":65,"column":10},"end":{"line":65,"column":29}},"29":{"start":{"line":67,"column":10},"end":{"line":67,"column":22}},"30":{"start":{"line":69,"column":10},"end":{"line":69,"column":56}},"31":{"start":{"line":72,"column":8},"end":{"line":72,"column":54}},"32":{"start":{"line":75,"column":6},"end":{"line":75,"column":25}},"33":{"start":{"line":80,"column":4},"end":{"line":80,"column":42}},"34":{"start":{"line":81,"column":4},"end":{"line":89,"column":7}},"35":{"start":{"line":82,"column":6},"end":{"line":82,"column":34}},"36":{"start":{"line":85,"column":6},"end":{"line":88,"column":10}},"37":{"start":{"line":93,"column":4},"end":{"line":93,"column":43}},"38":{"start":{"line":94,"column":4},"end":{"line":98,"column":7}},"39":{"start":{"line":95,"column":19},"end":{"line":95,"column":45}},"40":{"start":{"line":97,"column":6},"end":{"line":97,"column":28}},"41":{"start":{"line":102,"column":4},"end":{"line":102,"column":47}},"42":{"start":{"line":103,"column":4},"end":{"line":107,"column":7}},"43":{"start":{"line":104,"column":19},"end":{"line":104,"column":45}},"44":{"start":{"line":106,"column":6},"end":{"line":106,"column":28}},"45":{"start":{"line":111,"column":4},"end":{"line":111,"column":41}},"46":{"start":{"line":112,"column":4},"end":{"line":112,"column":49}},"47":{"start":{"line":113,"column":4},"end":{"line":116,"column":7}},"48":{"start":{"line":113,"column":46},"end":{"line":113,"column":72}},"49":{"start":{"line":115,"column":6},"end":{"line":115,"column":28}},"50":{"start":{"line":120,"column":4},"end":{"line":120,"column":42}},"51":{"start":{"line":121,"column":4},"end":{"line":121,"column":49}},"52":{"start":{"line":122,"column":4},"end":{"line":130,"column":7}},"53":{"start":{"line":127,"column":19},"end":{"line":127,"column":45}},"54":{"start":{"line":129,"column":6},"end":{"line":129,"column":28}},"55":{"start":{"line":134,"column":4},"end":{"line":134,"column":41}},"56":{"start":{"line":135,"column":4},"end":{"line":143,"column":7}},"57":{"start":{"line":140,"column":16},"end":{"line":140,"column":38}},"58":{"start":{"line":142,"column":6},"end":{"line":142,"column":28}},"59":{"start":{"line":147,"column":4},"end":{"line":147,"column":42}},"60":{"start":{"line":148,"column":4},"end":{"line":150,"column":5}},"61":{"start":{"line":149,"column":6},"end":{"line":149,"column":48}},"62":{"start":{"line":151,"column":4},"end":{"line":159,"column":7}},"63":{"start":{"line":156,"column":18},"end":{"line":156,"column":44}},"64":{"start":{"line":158,"column":6},"end":{"line":158,"column":28}},"65":{"start":{"line":163,"column":0},"end":{"line":163,"column":38}}},"fnMap":{"0":{"name":"(anonymous_0)","decl":{"start":{"line":10,"column":2},"end":{"line":10,"column":3}},"loc":{"start":{"line":10,"column":16},"end":{"line":12,"column":3}},"line":10},"1":{"name":"(anonymous_1)","decl":{"start":{"line":14,"column":2},"end":{"line":14,"column":3}},"loc":{"start":{"line":14,"column":25},"end":{"line":43,"column":3}},"line":14},"2":{"name":"(anonymous_2)","decl":{"start":{"line":24,"column":56},"end":{"line":24,"column":57}},"loc":{"start":{"line":24,"column":63},"end":{"line":26,"column":7}},"line":24},"3":{"name":"(anonymous_3)","decl":{"start":{"line":45,"column":2},"end":{"line":45,"column":3}},"loc":{"start":{"line":45,"column":24},"end":{"line":77,"column":3}},"line":45},"4":{"name":"(anonymous_4)","decl":{"start":{"line":79,"column":2},"end":{"line":79,"column":3}},"loc":{"start":{"line":79,"column":24},"end":{"line":90,"column":3}},"line":79},"5":{"name":"(anonymous_5)","decl":{"start":{"line":81,"column":31},"end":{"line":81,"column":32}},"loc":{"start":{"line":81,"column":40},"end":{"line":83,"column":5}},"line":81},"6":{"name":"(anonymous_6)","decl":{"start":{"line":84,"column":10},"end":{"line":84,"column":11}},"loc":{"start":{"line":84,"column":17},"end":{"line":89,"column":5}},"line":84},"7":{"name":"(anonymous_7)","decl":{"start":{"line":92,"column":2},"end":{"line":92,"column":3}},"loc":{"start":{"line":92,"column":25},"end":{"line":99,"column":3}},"line":92},"8":{"name":"(anonymous_8)","decl":{"start":{"line":95,"column":10},"end":{"line":95,"column":11}},"loc":{"start":{"line":95,"column":19},"end":{"line":95,"column":45}},"line":95},"9":{"name":"(anonymous_9)","decl":{"start":{"line":96,"column":11},"end":{"line":96,"column":12}},"loc":{"start":{"line":96,"column":18},"end":{"line":98,"column":5}},"line":96},"10":{"name":"(anonymous_10)","decl":{"start":{"line":101,"column":2},"end":{"line":101,"column":3}},"loc":{"start":{"line":101,"column":27},"end":{"line":108,"column":3}},"line":101},"11":{"name":"(anonymous_11)","decl":{"start":{"line":104,"column":10},"end":{"line":104,"column":11}},"loc":{"start":{"line":104,"column":19},"end":{"line":104,"column":45}},"line":104},"12":{"name":"(anonymous_12)","decl":{"start":{"line":105,"column":11},"end":{"line":105,"column":12}},"loc":{"start":{"line":105,"column":18},"end":{"line":107,"column":5}},"line":105},"13":{"name":"(anonymous_13)","decl":{"start":{"line":110,"column":2},"end":{"line":110,"column":3}},"loc":{"start":{"line":110,"column":23},"end":{"line":117,"column":3}},"line":110},"14":{"name":"(anonymous_14)","decl":{"start":{"line":113,"column":38},"end":{"line":113,"column":39}},"loc":{"start":{"line":113,"column":46},"end":{"line":113,"column":72}},"line":113},"15":{"name":"(anonymous_15)","decl":{"start":{"line":114,"column":11},"end":{"line":114,"column":12}},"loc":{"start":{"line":114,"column":18},"end":{"line":116,"column":5}},"line":114},"16":{"name":"(anonymous_16)","decl":{"start":{"line":119,"column":2},"end":{"line":119,"column":3}},"loc":{"start":{"line":119,"column":23},"end":{"line":131,"column":3}},"line":119},"17":{"name":"(anonymous_17)","decl":{"start":{"line":127,"column":10},"end":{"line":127,"column":11}},"loc":{"start":{"line":127,"column":18},"end":{"line":127,"column":46}},"line":127},"18":{"name":"(anonymous_18)","decl":{"start":{"line":128,"column":11},"end":{"line":128,"column":12}},"loc":{"start":{"line":128,"column":18},"end":{"line":130,"column":5}},"line":128},"19":{"name":"(anonymous_19)","decl":{"start":{"line":133,"column":2},"end":{"line":133,"column":3}},"loc":{"start":{"line":133,"column":23},"end":{"line":144,"column":3}},"line":133},"20":{"name":"(anonymous_20)","decl":{"start":{"line":140,"column":10},"end":{"line":140,"column":11}},"loc":{"start":{"line":140,"column":16},"end":{"line":140,"column":38}},"line":140},"21":{"name":"(anonymous_21)","decl":{"start":{"line":141,"column":11},"end":{"line":141,"column":12}},"loc":{"start":{"line":141,"column":18},"end":{"line":143,"column":5}},"line":141},"22":{"name":"(anonymous_22)","decl":{"start":{"line":146,"column":2},"end":{"line":146,"column":3}},"loc":{"start":{"line":146,"column":24},"end":{"line":160,"column":3}},"line":146},"23":{"name":"(anonymous_23)","decl":{"start":{"line":156,"column":10},"end":{"line":156,"column":11}},"loc":{"start":{"line":156,"column":18},"end":{"line":156,"column":44}},"line":156},"24":{"name":"(anonymous_24)","decl":{"start":{"line":157,"column":11},"end":{"line":157,"column":12}},"loc":{"start":{"line":157,"column":18},"end":{"line":159,"column":5}},"line":157}},"branchMap":{"0":{"loc":{"start":{"line":28,"column":6},"end":{"line":39,"column":7}},"type":"if","locations":[{"start":{"line":28,"column":6},"end":{"line":39,"column":7}},{"start":{"line":37,"column":13},"end":{"line":39,"column":7}}],"line":28},"1":{"loc":{"start":{"line":55,"column":6},"end":{"line":73,"column":7}},"type":"if","locations":[{"start":{"line":55,"column":6},"end":{"line":73,"column":7}},{"start":{"line":71,"column":13},"end":{"line":73,"column":7}}],"line":55},"2":{"loc":{"start":{"line":59,"column":8},"end":{"line":70,"column":9}},"type":"if","locations":[{"start":{"line":59,"column":8},"end":{"line":70,"column":9}},{"start":{"line":68,"column":15},"end":{"line":70,"column":9}}],"line":59},"3":{"loc":{"start":{"line":87,"column":12},"end":{"line":87,"column":77}},"type":"binary-expr","locations":[{"start":{"line":87,"column":12},"end":{"line":87,"column":23}},{"start":{"line":87,"column":27},"end":{"line":87,"column":77}}],"line":87},"4":{"loc":{"start":{"line":148,"column":4},"end":{"line":150,"column":5}},"type":"if","locations":[{"start":{"line":148,"column":4},"end":{"line":150,"column":5}},{"start":{},"end":{}}],"line":148}},"s":{"0":1,"1":1,"2":1,"3":1,"4":1,"5":1,"6":5,"7":5,"8":5,"9":5,"10":5,"11":0,"12":5,"13":5,"14":5,"15":5,"16":5,"17":0,"18":0,"19":1,"20":1,"21":1,"22":1,"23":1,"24":1,"25":1,"26":1,"27":1,"28":1,"29":1,"30":0,"31":0,"32":0,"33":1,"34":1,"35":1,"36":0,"37":3,"38":3,"39":3,"40":0,"41":0,"42":0,"43":0,"44":0,"45":0,"46":0,"47":0,"48":0,"49":0,"50":1,"51":1,"52":1,"53":1,"54":0,"55":1,"56":1,"57":1,"58":0,"59":1,"60":1,"61":0,"62":1,"63":1,"64":0,"65":1},"f":{"0":1,"1":5,"2":0,"3":1,"4":1,"5":1,"6":0,"7":3,"8":3,"9":0,"10":0,"11":0,"12":0,"13":0,"14":0,"15":0,"16":1,"17":1,"18":0,"19":1,"20":1,"21":0,"22":1,"23":1,"24":0},"b":{"0":[5,0],"1":[1,0],"2":[1,0],"3":[0,0],"4":[0,1]},"_coverageSchema":"1a1c01bbd47fc00a2c39e90264f33305004495a9","hash":"18e2f1e79dae3df32a84d286040cb50a92b8cae8"}
,"/home/manuel/Development/react-node-fullstack-app/blog-server/src/logger/api.logger.js": {"path":"/home/manuel/Development/react-node-fullstack-app/blog-server/src/logger/api.logger.js","statementMap":{"0":{"start":{"line":1,"column":13},"end":{"line":1,"column":28}},"1":{"start":{"line":2,"column":11},"end":{"line":2,"column":41}},"2":{"start":{"line":4,"column":15},"end":{"line":4,"column":21}},"3":{"start":{"line":10,"column":4},"end":{"line":10,"column":36}},"4":{"start":{"line":14,"column":4},"end":{"line":14,"column":25}},"5":{"start":{"line":18,"column":4},"end":{"line":18,"column":79}},"6":{"start":{"line":22,"column":4},"end":{"line":22,"column":26}},"7":{"start":{"line":26,"column":31},"end":{"line":26,"column":35}},"8":{"start":{"line":28,"column":4},"end":{"line":37,"column":5}},"9":{"start":{"line":29,"column":19},"end":{"line":29,"column":50}},"10":{"start":{"line":30,"column":6},"end":{"line":30,"column":56}},"11":{"start":{"line":31,"column":6},"end":{"line":34,"column":9}},"12":{"start":{"line":31,"column":104},"end":{"line":31,"column":115}},"13":{"start":{"line":33,"column":8},"end":{"line":33,"column":25}},"14":{"start":{"line":36,"column":6},"end":{"line":36,"column":23}},"15":{"start":{"line":42,"column":0},"end":{"line":42,"column":33}}},"fnMap":{"0":{"name":"(anonymous_0)","decl":{"start":{"line":9,"column":2},"end":{"line":9,"column":3}},"loc":{"start":{"line":9,"column":16},"end":{"line":11,"column":3}},"line":9},"1":{"name":"(anonymous_1)","decl":{"start":{"line":13,"column":2},"end":{"line":13,"column":3}},"loc":{"start":{"line":13,"column":22},"end":{"line":15,"column":3}},"line":13},"2":{"name":"(anonymous_2)","decl":{"start":{"line":17,"column":2},"end":{"line":17,"column":3}},"loc":{"start":{"line":17,"column":28},"end":{"line":19,"column":3}},"line":17},"3":{"name":"(anonymous_3)","decl":{"start":{"line":21,"column":2},"end":{"line":21,"column":3}},"loc":{"start":{"line":21,"column":23},"end":{"line":23,"column":3}},"line":21},"4":{"name":"(anonymous_4)","decl":{"start":{"line":25,"column":2},"end":{"line":25,"column":3}},"loc":{"start":{"line":25,"column":31},"end":{"line":38,"column":3}},"line":25},"5":{"name":"(anonymous_5)","decl":{"start":{"line":31,"column":94},"end":{"line":31,"column":95}},"loc":{"start":{"line":31,"column":102},"end":{"line":31,"column":117}},"line":31},"6":{"name":"(anonymous_6)","decl":{"start":{"line":32,"column":13},"end":{"line":32,"column":14}},"loc":{"start":{"line":32,"column":20},"end":{"line":34,"column":7}},"line":32}},"branchMap":{"0":{"loc":{"start":{"line":18,"column":30},"end":{"line":18,"column":75}},"type":"cond-expr","locations":[{"start":{"line":18,"column":50},"end":{"line":18,"column":70}},{"start":{"line":18,"column":73},"end":{"line":18,"column":75}}],"line":18}},"s":{"0":1,"1":1,"2":1,"3":1,"4":0,"5":35,"6":0,"7":11,"8":11,"9":11,"10":11,"11":11,"12":11,"13":0,"14":0,"15":1},"f":{"0":1,"1":0,"2":35,"3":0,"4":11,"5":11,"6":0},"b":{"0":[0,35]},"_coverageSchema":"1a1c01bbd47fc00a2c39e90264f33305004495a9","hash":"9d7b6cd973baf18133a6755e8e2b8c2a28d35261"}
,"/home/manuel/Development/react-node-fullstack-app/blog-server/src/middlewares/authJwt.js": {"path":"/home/manuel/Development/react-node-fullstack-app/blog-server/src/middlewares/authJwt.js","statementMap":{"0":{"start":{"line":1,"column":12},"end":{"line":1,"column":35}},"1":{"start":{"line":2,"column":11},"end":{"line":2,"column":41}},"2":{"start":{"line":3,"column":13},"end":{"line":3,"column":21}},"3":{"start":{"line":5,"column":0},"end":{"line":23,"column":2}},"4":{"start":{"line":6,"column":14},"end":{"line":6,"column":43}},"5":{"start":{"line":8,"column":2},"end":{"line":12,"column":3}},"6":{"start":{"line":9,"column":4},"end":{"line":11,"column":7}},"7":{"start":{"line":14,"column":2},"end":{"line":22,"column":5}},"8":{"start":{"line":15,"column":4},"end":{"line":19,"column":5}},"9":{"start":{"line":16,"column":6},"end":{"line":18,"column":9}},"10":{"start":{"line":20,"column":4},"end":{"line":20,"column":28}},"11":{"start":{"line":21,"column":4},"end":{"line":21,"column":11}},"12":{"start":{"line":25,"column":0},"end":{"line":37,"column":2}},"13":{"start":{"line":26,"column":2},"end":{"line":35,"column":4}},"14":{"start":{"line":27,"column":4},"end":{"line":30,"column":5}},"15":{"start":{"line":28,"column":6},"end":{"line":28,"column":13}},"16":{"start":{"line":29,"column":6},"end":{"line":29,"column":13}},"17":{"start":{"line":32,"column":4},"end":{"line":34,"column":7}},"18":{"start":{"line":36,"column":2},"end":{"line":36,"column":9}},"19":{"start":{"line":39,"column":0},"end":{"line":54,"column":2}},"20":{"start":{"line":40,"column":2},"end":{"line":40,"column":41}},"21":{"start":{"line":41,"column":2},"end":{"line":52,"column":4}},"22":{"start":{"line":42,"column":4},"end":{"line":42,"column":30}},"23":{"start":{"line":44,"column":4},"end":{"line":47,"column":5}},"24":{"start":{"line":45,"column":6},"end":{"line":45,"column":13}},"25":{"start":{"line":46,"column":6},"end":{"line":46,"column":13}},"26":{"start":{"line":49,"column":4},"end":{"line":51,"column":7}},"27":{"start":{"line":53,"column":2},"end":{"line":53,"column":9}},"28":{"start":{"line":56,"column":0},"end":{"line":75,"column":2}},"29":{"start":{"line":57,"column":2},"end":{"line":73,"column":4}},"30":{"start":{"line":58,"column":4},"end":{"line":68,"column":5}},"31":{"start":{"line":66,"column":6},"end":{"line":66,"column":13}},"32":{"start":{"line":67,"column":6},"end":{"line":67,"column":13}},"33":{"start":{"line":70,"column":4},"end":{"line":72,"column":7}},"34":{"start":{"line":74,"column":2},"end":{"line":74,"column":8}},"35":{"start":{"line":77,"column":16},"end":{"line":82,"column":1}},"36":{"start":{"line":84,"column":0},"end":{"line":84,"column":25}}},"fnMap":{"0":{"name":"(anonymous_0)","decl":{"start":{"line":5,"column":14},"end":{"line":5,"column":15}},"loc":{"start":{"line":5,"column":34},"end":{"line":23,"column":1}},"line":5},"1":{"name":"(anonymous_1)","decl":{"start":{"line":14,"column":44},"end":{"line":14,"column":45}},"loc":{"start":{"line":14,"column":62},"end":{"line":22,"column":3}},"line":14},"2":{"name":"(anonymous_2)","decl":{"start":{"line":25,"column":10},"end":{"line":25,"column":11}},"loc":{"start":{"line":25,"column":30},"end":{"line":37,"column":1}},"line":25},"3":{"name":"(anonymous_3)","decl":{"start":{"line":26,"column":33},"end":{"line":26,"column":34}},"loc":{"start":{"line":26,"column":41},"end":{"line":35,"column":3}},"line":26},"4":{"name":"(anonymous_4)","decl":{"start":{"line":39,"column":11},"end":{"line":39,"column":12}},"loc":{"start":{"line":39,"column":31},"end":{"line":54,"column":1}},"line":39},"5":{"name":"(anonymous_5)","decl":{"start":{"line":41,"column":33},"end":{"line":41,"column":34}},"loc":{"start":{"line":41,"column":41},"end":{"line":52,"column":3}},"line":41},"6":{"name":"(anonymous_6)","decl":{"start":{"line":56,"column":16},"end":{"line":56,"column":17}},"loc":{"start":{"line":56,"column":36},"end":{"line":75,"column":1}},"line":56},"7":{"name":"(anonymous_7)","decl":{"start":{"line":57,"column":33},"end":{"line":57,"column":34}},"loc":{"start":{"line":57,"column":41},"end":{"line":73,"column":3}},"line":57}},"branchMap":{"0":{"loc":{"start":{"line":8,"column":2},"end":{"line":12,"column":3}},"type":"if","locations":[{"start":{"line":8,"column":2},"end":{"line":12,"column":3}},{"start":{},"end":{}}],"line":8},"1":{"loc":{"start":{"line":15,"column":4},"end":{"line":19,"column":5}},"type":"if","locations":[{"start":{"line":15,"column":4},"end":{"line":19,"column":5}},{"start":{},"end":{}}],"line":15},"2":{"loc":{"start":{"line":27,"column":4},"end":{"line":30,"column":5}},"type":"if","locations":[{"start":{"line":27,"column":4},"end":{"line":30,"column":5}},{"start":{},"end":{}}],"line":27},"3":{"loc":{"start":{"line":27,"column":7},"end":{"line":27,"column":36}},"type":"binary-expr","locations":[{"start":{"line":27,"column":7},"end":{"line":27,"column":11}},{"start":{"line":27,"column":15},"end":{"line":27,"column":36}}],"line":27},"4":{"loc":{"start":{"line":44,"column":4},"end":{"line":47,"column":5}},"type":"if","locations":[{"start":{"line":44,"column":4},"end":{"line":47,"column":5}},{"start":{},"end":{}}],"line":44},"5":{"loc":{"start":{"line":44,"column":7},"end":{"line":44,"column":64}},"type":"binary-expr","locations":[{"start":{"line":44,"column":7},"end":{"line":44,"column":11}},{"start":{"line":44,"column":16},"end":{"line":44,"column":38}},{"start":{"line":44,"column":42},"end":{"line":44,"column":63}}],"line":44},"6":{"loc":{"start":{"line":58,"column":4},"end":{"line":68,"column":5}},"type":"if","locations":[{"start":{"line":58,"column":4},"end":{"line":68,"column":5}},{"start":{},"end":{}}],"line":58},"7":{"loc":{"start":{"line":59,"column":6},"end":{"line":64,"column":7}},"type":"binary-expr","locations":[{"start":{"line":59,"column":6},"end":{"line":59,"column":10}},{"start":{"line":61,"column":8},"end":{"line":61,"column":35}},{"start":{"line":62,"column":8},"end":{"line":62,"column":30}},{"start":{"line":63,"column":8},"end":{"line":63,"column":29}}],"line":59}},"s":{"0":1,"1":1,"2":1,"3":1,"4":23,"5":23,"6":0,"7":23,"8":23,"9":0,"10":23,"11":23,"12":1,"13":8,"14":8,"15":8,"16":8,"17":0,"18":8,"19":1,"20":10,"21":10,"22":10,"23":10,"24":10,"25":10,"26":0,"27":10,"28":1,"29":5,"30":5,"31":5,"32":5,"33":0,"34":5,"35":1,"36":1},"f":{"0":23,"1":23,"2":8,"3":8,"4":10,"5":10,"6":5,"7":5},"b":{"0":[0,23],"1":[0,23],"2":[8,0],"3":[8,8],"4":[10,0],"5":[10,10,10],"6":[5,0],"7":[5,5,5,5]},"_coverageSchema":"1a1c01bbd47fc00a2c39e90264f33305004495a9","hash":"0b31bd783150240031fd91881b62d41566404a23"}
,"/home/manuel/Development/react-node-fullstack-app/blog-server/src/middlewares/userAuth.js": {"path":"/home/manuel/Development/react-node-fullstack-app/blog-server/src/middlewares/userAuth.js","statementMap":{"0":{"start":{"line":1,"column":11},"end":{"line":1,"column":41}},"1":{"start":{"line":2,"column":13},"end":{"line":2,"column":21}},"2":{"start":{"line":4,"column":17},"end":{"line":30,"column":1}},"3":{"start":{"line":5,"column":1},"end":{"line":29,"column":2}},"4":{"start":{"line":6,"column":20},"end":{"line":10,"column":5}},"5":{"start":{"line":12,"column":3},"end":{"line":14,"column":4}},"6":{"start":{"line":13,"column":5},"end":{"line":13,"column":57}},"7":{"start":{"line":16,"column":22},"end":{"line":20,"column":5}},"8":{"start":{"line":22,"column":3},"end":{"line":24,"column":4}},"9":{"start":{"line":23,"column":5},"end":{"line":23,"column":56}},"10":{"start":{"line":26,"column":3},"end":{"line":26,"column":10}},"11":{"start":{"line":28,"column":3},"end":{"line":28,"column":23}},"12":{"start":{"line":32,"column":1},"end":{"line":34,"column":2}}},"fnMap":{"0":{"name":"(anonymous_0)","decl":{"start":{"line":4,"column":17},"end":{"line":4,"column":18}},"loc":{"start":{"line":4,"column":43},"end":{"line":30,"column":1}},"line":4}},"branchMap":{"0":{"loc":{"start":{"line":12,"column":3},"end":{"line":14,"column":4}},"type":"if","locations":[{"start":{"line":12,"column":3},"end":{"line":14,"column":4}},{"start":{},"end":{}}],"line":12},"1":{"loc":{"start":{"line":22,"column":3},"end":{"line":24,"column":4}},"type":"if","locations":[{"start":{"line":22,"column":3},"end":{"line":24,"column":4}},{"start":{},"end":{}}],"line":22}},"s":{"0":1,"1":1,"2":1,"3":5,"4":5,"5":5,"6":0,"7":5,"8":5,"9":0,"10":5,"11":0,"12":1},"f":{"0":5},"b":{"0":[0,5],"1":[0,5]},"_coverageSchema":"1a1c01bbd47fc00a2c39e90264f33305004495a9","hash":"378720d52dca117a3b112c2f013a552fbcde1d81"}
,"/home/manuel/Development/react-node-fullstack-app/blog-server/src/models/logger.model.js": {"path":"/home/manuel/Development/react-node-fullstack-app/blog-server/src/models/logger.model.js","statementMap":{"0":{"start":{"line":1,"column":0},"end":{"line":9,"column":1}},"1":{"start":{"line":2,"column":17},"end":{"line":6,"column":26}},"2":{"start":{"line":8,"column":2},"end":{"line":8,"column":15}}},"fnMap":{"0":{"name":"(anonymous_0)","decl":{"start":{"line":1,"column":17},"end":{"line":1,"column":18}},"loc":{"start":{"line":1,"column":43},"end":{"line":9,"column":1}},"line":1}},"branchMap":{},"s":{"0":1,"1":1,"2":1},"f":{"0":1},"b":{},"_coverageSchema":"1a1c01bbd47fc00a2c39e90264f33305004495a9","hash":"4908159e687abeb27d68e189ac3baf05ceaa048d"}
,"/home/manuel/Development/react-node-fullstack-app/blog-server/src/models/post.model.js": {"path":"/home/manuel/Development/react-node-fullstack-app/blog-server/src/models/post.model.js","statementMap":{"0":{"start":{"line":1,"column":0},"end":{"line":28,"column":1}},"1":{"start":{"line":2,"column":15},"end":{"line":25,"column":26}},"2":{"start":{"line":27,"column":2},"end":{"line":27,"column":13}}},"fnMap":{"0":{"name":"(anonymous_0)","decl":{"start":{"line":1,"column":17},"end":{"line":1,"column":18}},"loc":{"start":{"line":1,"column":43},"end":{"line":28,"column":1}},"line":1}},"branchMap":{},"s":{"0":1,"1":1,"2":1},"f":{"0":1},"b":{},"_coverageSchema":"1a1c01bbd47fc00a2c39e90264f33305004495a9","hash":"699e530fc18ea0fcbb758e5a0246a3f45d01d115"}
,"/home/manuel/Development/react-node-fullstack-app/blog-server/src/models/qualification.model.js": {"path":"/home/manuel/Development/react-node-fullstack-app/blog-server/src/models/qualification.model.js","statementMap":{"0":{"start":{"line":1,"column":0},"end":{"line":14,"column":1}},"1":{"start":{"line":2,"column":24},"end":{"line":11,"column":26}},"2":{"start":{"line":13,"column":2},"end":{"line":13,"column":22}}},"fnMap":{"0":{"name":"(anonymous_0)","decl":{"start":{"line":1,"column":17},"end":{"line":1,"column":18}},"loc":{"start":{"line":1,"column":43},"end":{"line":14,"column":1}},"line":1}},"branchMap":{},"s":{"0":1,"1":1,"2":1},"f":{"0":1},"b":{},"_coverageSchema":"1a1c01bbd47fc00a2c39e90264f33305004495a9","hash":"947182e4ab4c602a56e8e5dd96bd60b99ed7cff0"}
,"/home/manuel/Development/react-node-fullstack-app/blog-server/src/models/review.model.js": {"path":"/home/manuel/Development/react-node-fullstack-app/blog-server/src/models/review.model.js","statementMap":{"0":{"start":{"line":1,"column":0},"end":{"line":12,"column":1}},"1":{"start":{"line":2,"column":17},"end":{"line":9,"column":26}},"2":{"start":{"line":11,"column":2},"end":{"line":11,"column":15}}},"fnMap":{"0":{"name":"(anonymous_0)","decl":{"start":{"line":1,"column":17},"end":{"line":1,"column":18}},"loc":{"start":{"line":1,"column":43},"end":{"line":12,"column":1}},"line":1}},"branchMap":{},"s":{"0":1,"1":1,"2":1},"f":{"0":1},"b":{},"_coverageSchema":"1a1c01bbd47fc00a2c39e90264f33305004495a9","hash":"a69abb9262d9f414c47ed62f26527b9c8b2a1853"}
,"/home/manuel/Development/react-node-fullstack-app/blog-server/src/models/user.model.js": {"path":"/home/manuel/Development/react-node-fullstack-app/blog-server/src/models/user.model.js","statementMap":{"0":{"start":{"line":1,"column":0},"end":{"line":24,"column":1}},"1":{"start":{"line":2,"column":15},"end":{"line":21,"column":26}},"2":{"start":{"line":23,"column":2},"end":{"line":23,"column":13}}},"fnMap":{"0":{"name":"(anonymous_0)","decl":{"start":{"line":1,"column":17},"end":{"line":1,"column":18}},"loc":{"start":{"line":1,"column":43},"end":{"line":24,"column":1}},"line":1}},"branchMap":{},"s":{"0":1,"1":1,"2":1},"f":{"0":1},"b":{},"_coverageSchema":"1a1c01bbd47fc00a2c39e90264f33305004495a9","hash":"a367101ca702fa324a15317e0dab8fc044c9bb36"}
,"/home/manuel/Development/react-node-fullstack-app/blog-server/src/routes/index.js": {"path":"/home/manuel/Development/react-node-fullstack-app/blog-server/src/routes/index.js","statementMap":{"0":{"start":{"line":1,"column":16},"end":{"line":1,"column":34}},"1":{"start":{"line":2,"column":13},"end":{"line":2,"column":30}},"2":{"start":{"line":3,"column":13},"end":{"line":3,"column":30}},"3":{"start":{"line":4,"column":15},"end":{"line":4,"column":34}},"4":{"start":{"line":5,"column":19},"end":{"line":5,"column":42}},"5":{"start":{"line":7,"column":15},"end":{"line":7,"column":31}},"6":{"start":{"line":9,"column":0},"end":{"line":9,"column":26}},"7":{"start":{"line":10,"column":0},"end":{"line":10,"column":26}},"8":{"start":{"line":11,"column":0},"end":{"line":11,"column":30}},"9":{"start":{"line":12,"column":0},"end":{"line":12,"column":39}},"10":{"start":{"line":14,"column":0},"end":{"line":14,"column":23}}},"fnMap":{},"branchMap":{},"s":{"0":1,"1":1,"2":1,"3":1,"4":1,"5":1,"6":1,"7":1,"8":1,"9":1,"10":1},"f":{},"b":{},"_coverageSchema":"1a1c01bbd47fc00a2c39e90264f33305004495a9","hash":"cac7117c54a591d1ed3749dc10d5564fd3185df5"}
,"/home/manuel/Development/react-node-fullstack-app/blog-server/src/routes/post.js": {"path":"/home/manuel/Development/react-node-fullstack-app/blog-server/src/routes/post.js","statementMap":{"0":{"start":{"line":1,"column":16},"end":{"line":1,"column":34}},"1":{"start":{"line":2,"column":23},"end":{"line":2,"column":63}},"2":{"start":{"line":3,"column":16},"end":{"line":3,"column":49}},"3":{"start":{"line":4,"column":15},"end":{"line":4,"column":31}},"4":{"start":{"line":6,"column":0},"end":{"line":8,"column":3}},"5":{"start":{"line":7,"column":2},"end":{"line":7,"column":39}},"6":{"start":{"line":10,"column":0},"end":{"line":12,"column":3}},"7":{"start":{"line":11,"column":2},"end":{"line":11,"column":40}},"8":{"start":{"line":14,"column":0},"end":{"line":16,"column":3}},"9":{"start":{"line":15,"column":2},"end":{"line":15,"column":38}},"10":{"start":{"line":18,"column":0},"end":{"line":20,"column":3}},"11":{"start":{"line":19,"column":2},"end":{"line":19,"column":38}},"12":{"start":{"line":22,"column":0},"end":{"line":24,"column":3}},"13":{"start":{"line":23,"column":2},"end":{"line":23,"column":38}},"14":{"start":{"line":26,"column":0},"end":{"line":28,"column":3}},"15":{"start":{"line":27,"column":2},"end":{"line":27,"column":40}},"16":{"start":{"line":30,"column":0},"end":{"line":32,"column":3}},"17":{"start":{"line":31,"column":2},"end":{"line":31,"column":78}},"18":{"start":{"line":31,"column":63},"end":{"line":31,"column":74}},"19":{"start":{"line":34,"column":0},"end":{"line":34,"column":23}}},"fnMap":{"0":{"name":"(anonymous_0)","decl":{"start":{"line":6,"column":19},"end":{"line":6,"column":20}},"loc":{"start":{"line":6,"column":33},"end":{"line":8,"column":1}},"line":6},"1":{"name":"(anonymous_1)","decl":{"start":{"line":10,"column":19},"end":{"line":10,"column":20}},"loc":{"start":{"line":10,"column":33},"end":{"line":12,"column":1}},"line":10},"2":{"name":"(anonymous_2)","decl":{"start":{"line":14,"column":58},"end":{"line":14,"column":59}},"loc":{"start":{"line":14,"column":72},"end":{"line":16,"column":1}},"line":14},"3":{"name":"(anonymous_3)","decl":{"start":{"line":18,"column":64},"end":{"line":18,"column":65}},"loc":{"start":{"line":18,"column":78},"end":{"line":20,"column":1}},"line":18},"4":{"name":"(anonymous_4)","decl":{"start":{"line":22,"column":62},"end":{"line":22,"column":63}},"loc":{"start":{"line":22,"column":76},"end":{"line":24,"column":1}},"line":22},"5":{"name":"(anonymous_5)","decl":{"start":{"line":26,"column":73},"end":{"line":26,"column":74}},"loc":{"start":{"line":26,"column":87},"end":{"line":28,"column":1}},"line":26},"6":{"name":"(anonymous_6)","decl":{"start":{"line":30,"column":27},"end":{"line":30,"column":28}},"loc":{"start":{"line":30,"column":41},"end":{"line":32,"column":1}},"line":30},"7":{"name":"(anonymous_7)","decl":{"start":{"line":31,"column":53},"end":{"line":31,"column":54}},"loc":{"start":{"line":31,"column":61},"end":{"line":31,"column":76}},"line":31}},"branchMap":{},"s":{"0":1,"1":1,"2":1,"3":1,"4":1,"5":1,"6":1,"7":2,"8":1,"9":9,"10":1,"11":1,"12":1,"13":1,"14":1,"15":0,"16":1,"17":0,"18":0,"19":1},"f":{"0":1,"1":2,"2":9,"3":1,"4":1,"5":0,"6":0,"7":0},"b":{},"_coverageSchema":"1a1c01bbd47fc00a2c39e90264f33305004495a9","hash":"d435f10373bb2498e2d19b24b3bf9cc588a839a9"}
,"/home/manuel/Development/react-node-fullstack-app/blog-server/src/routes/postLogger.js": {"path":"/home/manuel/Development/react-node-fullstack-app/blog-server/src/routes/postLogger.js","statementMap":{"0":{"start":{"line":1,"column":16},"end":{"line":1,"column":34}},"1":{"start":{"line":2,"column":29},"end":{"line":2,"column":71}},"2":{"start":{"line":3,"column":16},"end":{"line":3,"column":49}},"3":{"start":{"line":4,"column":15},"end":{"line":4,"column":31}},"4":{"start":{"line":6,"column":0},"end":{"line":8,"column":3}},"5":{"start":{"line":7,"column":2},"end":{"line":7,"column":51}},"6":{"start":{"line":10,"column":0},"end":{"line":12,"column":3}},"7":{"start":{"line":11,"column":2},"end":{"line":11,"column":60}},"8":{"start":{"line":14,"column":0},"end":{"line":16,"column":3}},"9":{"start":{"line":15,"column":2},"end":{"line":15,"column":60}},"10":{"start":{"line":18,"column":0},"end":{"line":20,"column":3}},"11":{"start":{"line":19,"column":2},"end":{"line":19,"column":60}},"12":{"start":{"line":22,"column":0},"end":{"line":22,"column":23}}},"fnMap":{"0":{"name":"(anonymous_0)","decl":{"start":{"line":6,"column":59},"end":{"line":6,"column":60}},"loc":{"start":{"line":6,"column":73},"end":{"line":8,"column":1}},"line":6},"1":{"name":"(anonymous_1)","decl":{"start":{"line":10,"column":28},"end":{"line":10,"column":29}},"loc":{"start":{"line":10,"column":42},"end":{"line":12,"column":1}},"line":10},"2":{"name":"(anonymous_2)","decl":{"start":{"line":14,"column":74},"end":{"line":14,"column":75}},"loc":{"start":{"line":14,"column":88},"end":{"line":16,"column":1}},"line":14},"3":{"name":"(anonymous_3)","decl":{"start":{"line":18,"column":87},"end":{"line":18,"column":88}},"loc":{"start":{"line":18,"column":101},"end":{"line":20,"column":1}},"line":18}},"branchMap":{},"s":{"0":1,"1":1,"2":1,"3":1,"4":1,"5":1,"6":1,"7":1,"8":1,"9":1,"10":1,"11":1,"12":1},"f":{"0":1,"1":1,"2":1,"3":1},"b":{},"_coverageSchema":"1a1c01bbd47fc00a2c39e90264f33305004495a9","hash":"d51cd54075f39b07ca4d7eddd15fb8bd6b038fd9"}
,"/home/manuel/Development/react-node-fullstack-app/blog-server/src/routes/review.js": {"path":"/home/manuel/Development/react-node-fullstack-app/blog-server/src/routes/review.js","statementMap":{"0":{"start":{"line":1,"column":16},"end":{"line":1,"column":34}},"1":{"start":{"line":2,"column":25},"end":{"line":2,"column":67}},"2":{"start":{"line":3,"column":16},"end":{"line":3,"column":49}},"3":{"start":{"line":4,"column":15},"end":{"line":4,"column":31}},"4":{"start":{"line":6,"column":0},"end":{"line":8,"column":3}},"5":{"start":{"line":7,"column":2},"end":{"line":7,"column":43}},"6":{"start":{"line":10,"column":0},"end":{"line":12,"column":3}},"7":{"start":{"line":11,"column":2},"end":{"line":11,"column":44}},"8":{"start":{"line":14,"column":0},"end":{"line":16,"column":3}},"9":{"start":{"line":15,"column":2},"end":{"line":15,"column":42}},"10":{"start":{"line":18,"column":0},"end":{"line":18,"column":23}}},"fnMap":{"0":{"name":"(anonymous_0)","decl":{"start":{"line":6,"column":19},"end":{"line":6,"column":20}},"loc":{"start":{"line":6,"column":33},"end":{"line":8,"column":1}},"line":6},"1":{"name":"(anonymous_1)","decl":{"start":{"line":10,"column":19},"end":{"line":10,"column":20}},"loc":{"start":{"line":10,"column":33},"end":{"line":12,"column":1}},"line":10},"2":{"name":"(anonymous_2)","decl":{"start":{"line":14,"column":70},"end":{"line":14,"column":71}},"loc":{"start":{"line":14,"column":84},"end":{"line":16,"column":1}},"line":14}},"branchMap":{},"s":{"0":1,"1":1,"2":1,"3":1,"4":1,"5":1,"6":1,"7":1,"8":1,"9":2,"10":1},"f":{"0":1,"1":1,"2":2},"b":{},"_coverageSchema":"1a1c01bbd47fc00a2c39e90264f33305004495a9","hash":"dede13942ab4b70799895da7cb78a697f5cddd8d"}
,"/home/manuel/Development/react-node-fullstack-app/blog-server/src/routes/user.js": {"path":"/home/manuel/Development/react-node-fullstack-app/blog-server/src/routes/user.js","statementMap":{"0":{"start":{"line":1,"column":16},"end":{"line":1,"column":34}},"1":{"start":{"line":2,"column":23},"end":{"line":2,"column":63}},"2":{"start":{"line":3,"column":17},"end":{"line":3,"column":51}},"3":{"start":{"line":4,"column":16},"end":{"line":4,"column":49}},"4":{"start":{"line":5,"column":15},"end":{"line":5,"column":31}},"5":{"start":{"line":7,"column":0},"end":{"line":9,"column":3}},"6":{"start":{"line":8,"column":2},"end":{"line":8,"column":85}},"7":{"start":{"line":8,"column":48},"end":{"line":8,"column":82}},"8":{"start":{"line":11,"column":0},"end":{"line":13,"column":3}},"9":{"start":{"line":12,"column":2},"end":{"line":12,"column":84}},"10":{"start":{"line":12,"column":47},"end":{"line":12,"column":81}},"11":{"start":{"line":15,"column":0},"end":{"line":17,"column":3}},"12":{"start":{"line":16,"column":2},"end":{"line":16,"column":39}},"13":{"start":{"line":19,"column":0},"end":{"line":21,"column":3}},"14":{"start":{"line":20,"column":2},"end":{"line":20,"column":85}},"15":{"start":{"line":20,"column":48},"end":{"line":20,"column":82}},"16":{"start":{"line":23,"column":0},"end":{"line":25,"column":3}},"17":{"start":{"line":24,"column":2},"end":{"line":24,"column":38}},"18":{"start":{"line":27,"column":0},"end":{"line":29,"column":3}},"19":{"start":{"line":28,"column":2},"end":{"line":28,"column":38}},"20":{"start":{"line":31,"column":0},"end":{"line":33,"column":3}},"21":{"start":{"line":32,"column":2},"end":{"line":32,"column":39}},"22":{"start":{"line":35,"column":0},"end":{"line":37,"column":3}},"23":{"start":{"line":36,"column":2},"end":{"line":36,"column":40}},"24":{"start":{"line":39,"column":0},"end":{"line":39,"column":23}}},"fnMap":{"0":{"name":"(anonymous_0)","decl":{"start":{"line":7,"column":42},"end":{"line":7,"column":43}},"loc":{"start":{"line":7,"column":56},"end":{"line":9,"column":1}},"line":7},"1":{"name":"(anonymous_1)","decl":{"start":{"line":8,"column":39},"end":{"line":8,"column":40}},"loc":{"start":{"line":8,"column":48},"end":{"line":8,"column":82}},"line":8},"2":{"name":"(anonymous_2)","decl":{"start":{"line":11,"column":22},"end":{"line":11,"column":23}},"loc":{"start":{"line":11,"column":36},"end":{"line":13,"column":1}},"line":11},"3":{"name":"(anonymous_3)","decl":{"start":{"line":12,"column":38},"end":{"line":12,"column":39}},"loc":{"start":{"line":12,"column":47},"end":{"line":12,"column":81}},"line":12},"4":{"name":"(anonymous_4)","decl":{"start":{"line":15,"column":59},"end":{"line":15,"column":60}},"loc":{"start":{"line":15,"column":73},"end":{"line":17,"column":1}},"line":15},"5":{"name":"(anonymous_5)","decl":{"start":{"line":19,"column":57},"end":{"line":19,"column":58}},"loc":{"start":{"line":19,"column":71},"end":{"line":21,"column":1}},"line":19},"6":{"name":"(anonymous_6)","decl":{"start":{"line":20,"column":39},"end":{"line":20,"column":40}},"loc":{"start":{"line":20,"column":48},"end":{"line":20,"column":82}},"line":20},"7":{"name":"(anonymous_7)","decl":{"start":{"line":23,"column":59},"end":{"line":23,"column":60}},"loc":{"start":{"line":23,"column":73},"end":{"line":25,"column":1}},"line":23},"8":{"name":"(anonymous_8)","decl":{"start":{"line":27,"column":62},"end":{"line":27,"column":63}},"loc":{"start":{"line":27,"column":76},"end":{"line":29,"column":1}},"line":27},"9":{"name":"(anonymous_9)","decl":{"start":{"line":31,"column":68},"end":{"line":31,"column":69}},"loc":{"start":{"line":31,"column":82},"end":{"line":33,"column":1}},"line":31},"10":{"name":"(anonymous_10)","decl":{"start":{"line":35,"column":59},"end":{"line":35,"column":60}},"loc":{"start":{"line":35,"column":73},"end":{"line":37,"column":1}},"line":35}},"branchMap":{"0":{"loc":{"start":{"line":8,"column":48},"end":{"line":8,"column":82}},"type":"binary-expr","locations":[{"start":{"line":8,"column":48},"end":{"line":8,"column":52}},{"start":{"line":8,"column":56},"end":{"line":8,"column":82}}],"line":8},"1":{"loc":{"start":{"line":12,"column":47},"end":{"line":12,"column":81}},"type":"binary-expr","locations":[{"start":{"line":12,"column":47},"end":{"line":12,"column":51}},{"start":{"line":12,"column":55},"end":{"line":12,"column":81}}],"line":12},"2":{"loc":{"start":{"line":20,"column":48},"end":{"line":20,"column":82}},"type":"binary-expr","locations":[{"start":{"line":20,"column":48},"end":{"line":20,"column":52}},{"start":{"line":20,"column":56},"end":{"line":20,"column":82}}],"line":20}},"s":{"0":1,"1":1,"2":1,"3":1,"4":1,"5":1,"6":5,"7":5,"8":1,"9":1,"10":1,"11":1,"12":1,"13":1,"14":0,"15":0,"16":1,"17":1,"18":1,"19":1,"20":1,"21":1,"22":1,"23":3,"24":1},"f":{"0":5,"1":5,"2":1,"3":1,"4":1,"5":0,"6":0,"7":1,"8":1,"9":1,"10":3},"b":{"0":[5,5],"1":[1,1],"2":[0,0]},"_coverageSchema":"1a1c01bbd47fc00a2c39e90264f33305004495a9","hash":"56af3b1016d4ec781bb36e4232e8c0cc9711aeeb"}
,"/home/manuel/Development/react-node-fullstack-app/blog-server/src/utils/utils.js": {"path":"/home/manuel/Development/react-node-fullstack-app/blog-server/src/utils/utils.js","statementMap":{"0":{"start":{"line":1,"column":15},"end":{"line":1,"column":46}},"1":{"start":{"line":3,"column":21},"end":{"line":9,"column":1}},"2":{"start":{"line":4,"column":2},"end":{"line":4,"column":94}},"3":{"start":{"line":5,"column":2},"end":{"line":8,"column":4}},"4":{"start":{"line":11,"column":0},"end":{"line":13,"column":1}}},"fnMap":{"0":{"name":"(anonymous_0)","decl":{"start":{"line":3,"column":21},"end":{"line":3,"column":22}},"loc":{"start":{"line":3,"column":35},"end":{"line":9,"column":1}},"line":3}},"branchMap":{"0":{"loc":{"start":{"line":4,"column":15},"end":{"line":4,"column":92}},"type":"binary-expr","locations":[{"start":{"line":4,"column":15},"end":{"line":4,"column":38}},{"start":{"line":4,"column":42},"end":{"line":4,"column":92}}],"line":4},"1":{"loc":{"start":{"line":7,"column":6},"end":{"line":7,"column":71}},"type":"binary-expr","locations":[{"start":{"line":7,"column":6},"end":{"line":7,"column":17}},{"start":{"line":7,"column":21},"end":{"line":7,"column":71}}],"line":7}},"s":{"0":1,"1":1,"2":0,"3":0,"4":1},"f":{"0":0},"b":{"0":[0,0],"1":[0,0]},"_coverageSchema":"1a1c01bbd47fc00a2c39e90264f33305004495a9","hash":"ca49bb3f77e47c347f893c3cd3a056d5e1856828"}
}
