TN:
SF:src/index.js
FN:8,(anonymous_0)
FN:11,(anonymous_1)
FN:17,(anonymous_2)
FN:29,(anonymous_3)
FNF:4
FNH:0
FNDA:0,(anonymous_0)
FNDA:0,(anonymous_1)
FNDA:0,(anonymous_2)
FNDA:0,(anonymous_3)
DA:1,0
DA:2,0
DA:3,0
DA:4,0
DA:6,0
DA:8,0
DA:9,0
DA:11,0
DA:12,0
DA:18,0
DA:19,0
DA:20,0
DA:23,0
DA:29,0
DA:30,0
LF:15
LH:0
BRDA:6,0,0,0
BRDA:6,0,1,0
BRDA:18,1,0,0
BRDA:18,1,1,0
BRF:4
BRH:0
end_of_record
TN:
SF:src/server.js
FNF:0
FNH:0
DA:1,1
DA:2,1
DA:3,1
DA:5,1
DA:7,1
DA:8,1
DA:9,1
DA:11,1
DA:12,1
DA:14,1
DA:16,1
DA:18,1
DA:19,1
DA:21,1
DA:24,1
LF:15
LH:15
BRF:0
BRH:0
end_of_record
TN:
SF:src/config/db.config.js
FN:21,(anonymous_0)
FN:23,(anonymous_1)
FNF:2
FNH:1
FNDA:1,(anonymous_0)
FNDA:0,(anonymous_1)
DA:1,1
DA:3,1
DA:4,1
DA:5,1
DA:6,1
DA:7,1
DA:9,1
DA:21,1
DA:22,1
DA:24,0
DA:27,1
DA:28,1
DA:29,1
DA:31,1
DA:32,1
DA:33,1
DA:34,1
DA:35,1
DA:37,1
DA:38,1
DA:39,1
DA:40,1
DA:41,1
DA:42,1
DA:43,1
DA:45,1
LF:26
LH:25
BRF:0
BRH:0
end_of_record
TN:
SF:src/controller/logger.controller.js
FN:7,(anonymous_0)
FN:11,(anonymous_1)
FN:16,(anonymous_2)
FN:19,(anonymous_3)
FN:27,(anonymous_4)
FN:34,(anonymous_5)
FN:37,(anonymous_6)
FN:45,(anonymous_7)
FN:52,(anonymous_8)
FN:55,(anonymous_9)
FN:63,(anonymous_10)
FN:71,(anonymous_11)
FN:74,(anonymous_12)
FNF:13
FNH:7
FNDA:1,(anonymous_0)
FNDA:1,(anonymous_1)
FNDA:1,(anonymous_2)
FNDA:0,(anonymous_3)
FNDA:1,(anonymous_4)
FNDA:1,(anonymous_5)
FNDA:0,(anonymous_6)
FNDA:2,(anonymous_7)
FNDA:2,(anonymous_8)
FNDA:0,(anonymous_9)
FNDA:0,(anonymous_10)
FNDA:0,(anonymous_11)
FNDA:0,(anonymous_12)
DA:1,1
DA:2,1
DA:8,1
DA:12,1
DA:13,1
DA:17,1
DA:20,0
DA:28,1
DA:29,1
DA:35,1
DA:38,0
DA:46,2
DA:47,2
DA:53,2
DA:56,0
DA:64,0
DA:65,0
DA:72,0
DA:75,0
DA:83,1
LF:20
LH:13
BRDA:22,0,0,0
BRDA:22,0,1,0
BRDA:40,1,0,0
BRDA:40,1,1,0
BRDA:58,2,0,0
BRDA:58,2,1,0
BRDA:77,3,0,0
BRDA:77,3,1,0
BRF:8
BRH:0
end_of_record
TN:
SF:src/controller/post.controller.js
FN:9,(anonymous_0)
FN:14,(anonymous_1)
FN:19,(anonymous_2)
FN:22,(anonymous_3)
FN:30,(anonymous_4)
FN:33,(anonymous_5)
FN:34,(anonymous_6)
FN:39,(anonymous_7)
FN:44,(anonymous_8)
FN:49,(anonymous_9)
FN:52,(anonymous_10)
FN:56,(anonymous_11)
FN:61,(anonymous_12)
FN:69,(anonymous_13)
FN:72,(anonymous_14)
FN:76,(anonymous_15)
FN:81,(anonymous_16)
FN:88,(anonymous_17)
FN:91,(anonymous_18)
FN:95,(anonymous_19)
FN:100,(anonymous_20)
FN:102,(anonymous_21)
FN:115,(anonymous_22)
FN:116,(anonymous_23)
FN:122,(anonymous_24)
FN:130,(anonymous_25)
FN:131,(anonymous_26)
FN:136,(anonymous_27)
FN:146,(anonymous_28)
FNF:29
FNH:14
FNDA:1,(anonymous_0)
FNDA:1,(anonymous_1)
FNDA:1,(anonymous_2)
FNDA:0,(anonymous_3)
FNDA:2,(anonymous_4)
FNDA:2,(anonymous_5)
FNDA:0,(anonymous_6)
FNDA:0,(anonymous_7)
FNDA:9,(anonymous_8)
FNDA:9,(anonymous_9)
FNDA:9,(anonymous_10)
FNDA:0,(anonymous_11)
FNDA:1,(anonymous_12)
FNDA:1,(anonymous_13)
FNDA:1,(anonymous_14)
FNDA:0,(anonymous_15)
FNDA:1,(anonymous_16)
FNDA:1,(anonymous_17)
FNDA:1,(anonymous_18)
FNDA:0,(anonymous_19)
FNDA:0,(anonymous_20)
FNDA:0,(anonymous_21)
FNDA:0,(anonymous_22)
FNDA:0,(anonymous_23)
FNDA:0,(anonymous_24)
FNDA:0,(anonymous_25)
FNDA:0,(anonymous_26)
FNDA:0,(anonymous_27)
FNDA:0,(anonymous_28)
DA:1,1
DA:2,1
DA:3,1
DA:10,1
DA:11,1
DA:15,1
DA:16,1
DA:20,1
DA:23,0
DA:31,2
DA:32,2
DA:33,2
DA:35,0
DA:40,0
DA:41,0
DA:45,9
DA:46,9
DA:47,9
DA:49,9
DA:50,9
DA:51,9
DA:52,9
DA:53,9
DA:57,0
DA:62,1
DA:63,1
DA:64,1
DA:70,1
DA:71,1
DA:72,1
DA:73,1
DA:77,0
DA:82,1
DA:83,1
DA:89,1
DA:90,1
DA:91,1
DA:92,1
DA:96,0
DA:101,0
DA:102,0
DA:103,0
DA:104,0
DA:105,0
DA:107,0
DA:115,0
DA:117,0
DA:123,0
DA:125,0
DA:130,0
DA:132,0
DA:137,0
DA:139,0
DA:145,0
DA:146,0
DA:147,0
DA:149,0
DA:150,0
DA:152,0
DA:156,1
LF:60
LH:33
BRDA:25,0,0,0
BRDA:25,0,1,0
BRDA:90,1,0,0
BRDA:90,1,1,1
BRDA:104,2,0,0
BRDA:104,2,1,0
BRF:6
BRH:1
end_of_record
TN:
SF:src/controller/review.controller.js
FN:8,(anonymous_0)
FN:12,(anonymous_1)
FN:17,(anonymous_2)
FN:20,(anonymous_3)
FN:28,(anonymous_4)
FN:31,(anonymous_5)
FN:32,(anonymous_6)
FN:37,(anonymous_7)
FN:42,(anonymous_8)
FN:45,(anonymous_9)
FN:46,(anonymous_10)
FNF:11
FNH:7
FNDA:1,(anonymous_0)
FNDA:1,(anonymous_1)
FNDA:1,(anonymous_2)
FNDA:0,(anonymous_3)
FNDA:1,(anonymous_4)
FNDA:1,(anonymous_5)
FNDA:0,(anonymous_6)
FNDA:0,(anonymous_7)
FNDA:2,(anonymous_8)
FNDA:2,(anonymous_9)
FNDA:0,(anonymous_10)
DA:1,1
DA:2,1
DA:3,1
DA:9,1
DA:13,1
DA:14,1
DA:18,1
DA:21,0
DA:29,1
DA:30,1
DA:31,1
DA:33,0
DA:38,0
DA:39,0
DA:43,2
DA:44,2
DA:45,2
DA:47,0
DA:52,1
LF:19
LH:14
BRDA:23,0,0,0
BRDA:23,0,1,0
BRF:2
BRH:0
end_of_record
TN:
SF:src/controller/user.controller.js
FN:10,(anonymous_0)
FN:14,(anonymous_1)
FN:24,(anonymous_2)
FN:45,(anonymous_3)
FN:79,(anonymous_4)
FN:81,(anonymous_5)
FN:84,(anonymous_6)
FN:92,(anonymous_7)
FN:95,(anonymous_8)
FN:96,(anonymous_9)
FN:101,(anonymous_10)
FN:104,(anonymous_11)
FN:105,(anonymous_12)
FN:110,(anonymous_13)
FN:113,(anonymous_14)
FN:114,(anonymous_15)
FN:119,(anonymous_16)
FN:127,(anonymous_17)
FN:128,(anonymous_18)
FN:133,(anonymous_19)
FN:140,(anonymous_20)
FN:141,(anonymous_21)
FN:146,(anonymous_22)
FN:156,(anonymous_23)
FN:157,(anonymous_24)
FNF:25
FNH:13
FNDA:1,(anonymous_0)
FNDA:5,(anonymous_1)
FNDA:0,(anonymous_2)
FNDA:1,(anonymous_3)
FNDA:1,(anonymous_4)
FNDA:1,(anonymous_5)
FNDA:0,(anonymous_6)
FNDA:3,(anonymous_7)
FNDA:3,(anonymous_8)
FNDA:0,(anonymous_9)
FNDA:0,(anonymous_10)
FNDA:0,(anonymous_11)
FNDA:0,(anonymous_12)
FNDA:0,(anonymous_13)
FNDA:0,(anonymous_14)
FNDA:0,(anonymous_15)
FNDA:1,(anonymous_16)
FNDA:1,(anonymous_17)
FNDA:0,(anonymous_18)
FNDA:1,(anonymous_19)
FNDA:1,(anonymous_20)
FNDA:0,(anonymous_21)
FNDA:1,(anonymous_22)
FNDA:1,(anonymous_23)
FNDA:0,(anonymous_24)
DA:1,1
DA:2,1
DA:3,1
DA:4,1
DA:5,1
DA:11,1
DA:15,5
DA:16,5
DA:17,5
DA:18,5
DA:24,5
DA:25,0
DA:28,5
DA:29,5
DA:33,5
DA:34,5
DA:36,5
DA:38,0
DA:41,0
DA:46,1
DA:47,1
DA:48,1
DA:49,1
DA:55,1
DA:56,1
DA:59,1
DA:60,1
DA:64,1
DA:65,1
DA:67,1
DA:69,0
DA:72,0
DA:75,0
DA:80,1
DA:81,1
DA:82,1
DA:85,0
DA:93,3
DA:94,3
DA:95,3
DA:97,0
DA:102,0
DA:103,0
DA:104,0
DA:106,0
DA:111,0
DA:112,0
DA:113,0
DA:115,0
DA:120,1
DA:121,1
DA:122,1
DA:127,1
DA:129,0
DA:134,1
DA:135,1
DA:140,1
DA:142,0
DA:147,1
DA:148,1
DA:149,0
DA:151,1
DA:156,1
DA:158,0
DA:163,1
LF:65
LH:45
BRDA:28,0,0,5
BRDA:28,0,1,0
BRDA:55,1,0,1
BRDA:55,1,1,0
BRDA:59,2,0,1
BRDA:59,2,1,0
BRDA:87,3,0,0
BRDA:87,3,1,0
BRDA:148,4,0,0
BRDA:148,4,1,1
BRF:10
BRH:4
end_of_record
TN:
SF:src/logger/api.logger.js
FN:9,(anonymous_0)
FN:13,(anonymous_1)
FN:17,(anonymous_2)
FN:21,(anonymous_3)
FN:25,(anonymous_4)
FN:31,(anonymous_5)
FN:32,(anonymous_6)
FNF:7
FNH:4
FNDA:1,(anonymous_0)
FNDA:0,(anonymous_1)
FNDA:35,(anonymous_2)
FNDA:0,(anonymous_3)
FNDA:11,(anonymous_4)
FNDA:11,(anonymous_5)
FNDA:0,(anonymous_6)
DA:1,1
DA:2,1
DA:4,1
DA:10,1
DA:14,0
DA:18,35
DA:22,0
DA:26,11
DA:28,11
DA:29,11
DA:30,11
DA:31,11
DA:33,0
DA:36,0
DA:42,1
LF:15
LH:11
BRDA:18,0,0,0
BRDA:18,0,1,35
BRF:2
BRH:1
end_of_record
TN:
SF:src/middlewares/authJwt.js
FN:5,(anonymous_0)
FN:14,(anonymous_1)
FN:25,(anonymous_2)
FN:26,(anonymous_3)
FN:39,(anonymous_4)
FN:41,(anonymous_5)
FN:56,(anonymous_6)
FN:57,(anonymous_7)
FNF:8
FNH:8
FNDA:23,(anonymous_0)
FNDA:23,(anonymous_1)
FNDA:8,(anonymous_2)
FNDA:8,(anonymous_3)
FNDA:10,(anonymous_4)
FNDA:10,(anonymous_5)
FNDA:5,(anonymous_6)
FNDA:5,(anonymous_7)
DA:1,1
DA:2,1
DA:3,1
DA:5,1
DA:6,23
DA:8,23
DA:9,0
DA:14,23
DA:15,23
DA:16,0
DA:20,23
DA:21,23
DA:25,1
DA:26,8
DA:27,8
DA:28,8
DA:29,8
DA:32,0
DA:36,8
DA:39,1
DA:40,10
DA:41,10
DA:42,10
DA:44,10
DA:45,10
DA:46,10
DA:49,0
DA:53,10
DA:56,1
DA:57,5
DA:58,5
DA:66,5
DA:67,5
DA:70,0
DA:74,5
DA:77,1
DA:84,1
LF:37
LH:32
BRDA:8,0,0,0
BRDA:8,0,1,23
BRDA:15,1,0,0
BRDA:15,1,1,23
BRDA:27,2,0,8
BRDA:27,2,1,0
BRDA:27,3,0,8
BRDA:27,3,1,8
BRDA:44,4,0,10
BRDA:44,4,1,0
BRDA:44,5,0,10
BRDA:44,5,1,10
BRDA:44,5,2,10
BRDA:58,6,0,5
BRDA:58,6,1,0
BRDA:59,7,0,5
BRDA:59,7,1,5
BRDA:59,7,2,5
BRDA:59,7,3,5
BRF:19
BRH:14
end_of_record
TN:
SF:src/middlewares/userAuth.js
FN:4,(anonymous_0)
FNF:1
FNH:1
FNDA:5,(anonymous_0)
DA:1,1
DA:2,1
DA:4,1
DA:5,5
DA:6,5
DA:12,5
DA:13,0
DA:16,5
DA:22,5
DA:23,0
DA:26,5
DA:28,0
DA:32,1
LF:13
LH:10
BRDA:12,0,0,0
BRDA:12,0,1,5
BRDA:22,1,0,0
BRDA:22,1,1,5
BRF:4
BRH:2
end_of_record
TN:
SF:src/models/logger.model.js
FN:1,(anonymous_0)
FNF:1
FNH:1
FNDA:1,(anonymous_0)
DA:1,1
DA:2,1
DA:8,1
LF:3
LH:3
BRF:0
BRH:0
end_of_record
TN:
SF:src/models/post.model.js
FN:1,(anonymous_0)
FNF:1
FNH:1
FNDA:1,(anonymous_0)
DA:1,1
DA:2,1
DA:27,1
LF:3
LH:3
BRF:0
BRH:0
end_of_record
TN:
SF:src/models/qualification.model.js
FN:1,(anonymous_0)
FNF:1
FNH:1
FNDA:1,(anonymous_0)
DA:1,1
DA:2,1
DA:13,1
LF:3
LH:3
BRF:0
BRH:0
end_of_record
TN:
SF:src/models/review.model.js
FN:1,(anonymous_0)
FNF:1
FNH:1
FNDA:1,(anonymous_0)
DA:1,1
DA:2,1
DA:11,1
LF:3
LH:3
BRF:0
BRH:0
end_of_record
TN:
SF:src/models/user.model.js
FN:1,(anonymous_0)
FNF:1
FNH:1
FNDA:1,(anonymous_0)
DA:1,1
DA:2,1
DA:23,1
LF:3
LH:3
BRF:0
BRH:0
end_of_record
TN:
SF:src/routes/index.js
FNF:0
FNH:0
DA:1,1
DA:2,1
DA:3,1
DA:4,1
DA:5,1
DA:7,1
DA:9,1
DA:10,1
DA:11,1
DA:12,1
DA:14,1
LF:11
LH:11
BRF:0
BRH:0
end_of_record
TN:
SF:src/routes/post.js
FN:6,(anonymous_0)
FN:10,(anonymous_1)
FN:14,(anonymous_2)
FN:18,(anonymous_3)
FN:22,(anonymous_4)
FN:26,(anonymous_5)
FN:30,(anonymous_6)
FN:31,(anonymous_7)
FNF:8
FNH:5
FNDA:1,(anonymous_0)
FNDA:2,(anonymous_1)
FNDA:9,(anonymous_2)
FNDA:1,(anonymous_3)
FNDA:1,(anonymous_4)
FNDA:0,(anonymous_5)
FNDA:0,(anonymous_6)
FNDA:0,(anonymous_7)
DA:1,1
DA:2,1
DA:3,1
DA:4,1
DA:6,1
DA:7,1
DA:10,1
DA:11,2
DA:14,1
DA:15,9
DA:18,1
DA:19,1
DA:22,1
DA:23,1
DA:26,1
DA:27,0
DA:30,1
DA:31,0
DA:34,1
LF:19
LH:17
BRF:0
BRH:0
end_of_record
TN:
SF:src/routes/postLogger.js
FN:6,(anonymous_0)
FN:10,(anonymous_1)
FN:14,(anonymous_2)
FN:18,(anonymous_3)
FNF:4
FNH:4
FNDA:1,(anonymous_0)
FNDA:1,(anonymous_1)
FNDA:1,(anonymous_2)
FNDA:1,(anonymous_3)
DA:1,1
DA:2,1
DA:3,1
DA:4,1
DA:6,1
DA:7,1
DA:10,1
DA:11,1
DA:14,1
DA:15,1
DA:18,1
DA:19,1
DA:22,1
LF:13
LH:13
BRF:0
BRH:0
end_of_record
TN:
SF:src/routes/review.js
FN:6,(anonymous_0)
FN:10,(anonymous_1)
FN:14,(anonymous_2)
FNF:3
FNH:3
FNDA:1,(anonymous_0)
FNDA:1,(anonymous_1)
FNDA:2,(anonymous_2)
DA:1,1
DA:2,1
DA:3,1
DA:4,1
DA:6,1
DA:7,1
DA:10,1
DA:11,1
DA:14,1
DA:15,2
DA:18,1
LF:11
LH:11
BRF:0
BRH:0
end_of_record
TN:
SF:src/routes/user.js
FN:7,(anonymous_0)
FN:8,(anonymous_1)
FN:11,(anonymous_2)
FN:12,(anonymous_3)
FN:15,(anonymous_4)
FN:19,(anonymous_5)
FN:20,(anonymous_6)
FN:23,(anonymous_7)
FN:27,(anonymous_8)
FN:31,(anonymous_9)
FN:35,(anonymous_10)
FNF:11
FNH:9
FNDA:5,(anonymous_0)
FNDA:5,(anonymous_1)
FNDA:1,(anonymous_2)
FNDA:1,(anonymous_3)
FNDA:1,(anonymous_4)
FNDA:0,(anonymous_5)
FNDA:0,(anonymous_6)
FNDA:1,(anonymous_7)
FNDA:1,(anonymous_8)
FNDA:1,(anonymous_9)
FNDA:3,(anonymous_10)
DA:1,1
DA:2,1
DA:3,1
DA:4,1
DA:5,1
DA:7,1
DA:8,5
DA:11,1
DA:12,1
DA:15,1
DA:16,1
DA:19,1
DA:20,0
DA:23,1
DA:24,1
DA:27,1
DA:28,1
DA:31,1
DA:32,1
DA:35,1
DA:36,3
DA:39,1
LF:22
LH:21
BRDA:8,0,0,5
BRDA:8,0,1,5
BRDA:12,1,0,1
BRDA:12,1,1,1
BRDA:20,2,0,0
BRDA:20,2,1,0
BRF:6
BRH:4
end_of_record
TN:
SF:src/utils/utils.js
FN:3,(anonymous_0)
FNF:1
FNH:0
FNDA:0,(anonymous_0)
DA:1,1
DA:3,1
DA:4,0
DA:5,0
DA:11,1
LF:5
LH:3
BRDA:4,0,0,0
BRDA:4,0,1,0
BRDA:7,1,0,0
BRDA:7,1,1,0
BRF:4
BRH:0
end_of_record
